============================================================================================== 
Warning! Mixing Conda and module environments may lead to corruption of the
user environment. 
We do not recommend users mixing those two environments unless absolutely
necessary. Note that 
SURF does not provide any support for Conda environment.
For more information, please refer to our software policy page:
https://servicedesk.surf.nl/wiki/display/WIKI/Software+policy+Snellius#SoftwarepolicySnellius-UseofAnacondaandMinicondaenvironmentsonSnellius 

Remember that many packages have already been installed on the system and can
be loaded using 
the 'module load <package__name>' command. If you are uncertain if a package is
already available 
on the system, please use 'module avail' or 'module spider' to search for it.
============================================================================================== 
	Batch 000/469: 	Acc 9.38  Loss 2.338
	Batch 010/469: 	Acc 10.51  Loss 2.332
	Batch 020/469: 	Acc 10.34  Loss 2.323
	Batch 030/469: 	Acc 10.16  Loss 2.315
	Batch 040/469: 	Acc 10.71  Loss 2.308
	Batch 050/469: 	Acc 11.50  Loss 2.302
	Batch 060/469: 	Acc 12.17  Loss 2.297
	Batch 070/469: 	Acc 12.82  Loss 2.291
	Batch 080/469: 	Acc 13.38  Loss 2.286
	Batch 090/469: 	Acc 13.93  Loss 2.281
	Batch 100/469: 	Acc 14.83  Loss 2.275
	Batch 110/469: 	Acc 15.68  Loss 2.269
	Batch 120/469: 	Acc 16.30  Loss 2.264
	Batch 130/469: 	Acc 17.12  Loss 2.258
	Batch 140/469: 	Acc 17.85  Loss 2.252
	Batch 150/469: 	Acc 18.43  Loss 2.246
	Batch 160/469: 	Acc 18.97  Loss 2.240
	Batch 170/469: 	Acc 19.47  Loss 2.236
	Batch 180/469: 	Acc 20.16  Loss 2.230
	Batch 190/469: 	Acc 20.82  Loss 2.224
	Batch 200/469: 	Acc 21.53  Loss 2.217
	Batch 210/469: 	Acc 22.13  Loss 2.211
	Batch 220/469: 	Acc 22.79  Loss 2.204
	Batch 230/469: 	Acc 23.31  Loss 2.198
	Batch 240/469: 	Acc 23.85  Loss 2.191
	Batch 250/469: 	Acc 24.53  Loss 2.184
	Batch 260/469: 	Acc 25.15  Loss 2.176
	Batch 270/469: 	Acc 25.73  Loss 2.168
	Batch 280/469: 	Acc 26.32  Loss 2.158
	Batch 290/469: 	Acc 26.88  Loss 2.148
	Batch 300/469: 	Acc 27.50  Loss 2.136
	Batch 310/469: 	Acc 28.18  Loss 2.121
	Batch 320/469: 	Acc 28.84  Loss 2.106
	Batch 330/469: 	Acc 29.66  Loss 2.085
	Batch 340/469: 	Acc 30.69  Loss 2.062
	Batch 350/469: 	Acc 31.77  Loss 2.035
	Batch 360/469: 	Acc 31.73  Loss 2.016
	Batch 370/469: 	Acc 32.08  Loss 1.994
	Batch 380/469: 	Acc 32.42  Loss 1.981
	Batch 390/469: 	Acc 32.78  Loss 1.972
	Batch 400/469: 	Acc 33.28  Loss 1.961
	Batch 410/469: 	Acc 33.89  Loss 1.950
	Batch 420/469: 	Acc 34.60  Loss 1.938
	Batch 430/469: 	Acc 35.40  Loss 1.924
	Batch 440/469: 	Acc 36.24  Loss 1.908
	Batch 450/469: 	Acc 37.06  Loss 1.891
	Batch 460/469: 	Acc 37.94  Loss 1.872
		Train: 	Acc 38.61  Loss 1.857
	Batch 000/469: 	Acc 77.34  Loss 0.829
	Batch 010/469: 	Acc 80.04  Loss 0.816
	Batch 020/469: 	Acc 63.32  Loss 1.003
	Batch 030/469: 	Acc 56.98  Loss 1.087
	Batch 040/469: 	Acc 58.57  Loss 1.078
	Batch 050/469: 	Acc 61.14  Loss 1.051
	Batch 060/469: 	Acc 60.53  Loss 1.043
	Batch 070/469: 	Acc 59.11  Loss 1.050
	Batch 080/469: 	Acc 60.17  Loss 1.034
	Batch 090/469: 	Acc 61.92  Loss 1.010
	Batch 100/469: 	Acc 62.93  Loss 0.995
	Batch 110/469: 	Acc 62.44  Loss 1.008
	Batch 120/469: 	Acc 62.73  Loss 1.006
	Batch 130/469: 	Acc 63.14  Loss 1.005
	Batch 140/469: 	Acc 64.05  Loss 0.995
	Batch 150/469: 	Acc 65.09  Loss 0.979
	Batch 160/469: 	Acc 64.80  Loss 0.979
	Batch 170/469: 	Acc 65.08  Loss 0.972
	Batch 180/469: 	Acc 65.84  Loss 0.960
	Batch 190/469: 	Acc 66.55  Loss 0.947
	Batch 200/469: 	Acc 67.32  Loss 0.933
	Batch 210/469: 	Acc 68.06  Loss 0.919
	Batch 220/469: 	Acc 67.85  Loss 0.929
	Batch 230/469: 	Acc 67.69  Loss 0.939
	Batch 240/469: 	Acc 67.87  Loss 0.944
	Batch 250/469: 	Acc 68.09  Loss 0.947
	Batch 260/469: 	Acc 68.56  Loss 0.944
	Batch 270/469: 	Acc 69.07  Loss 0.938
	Batch 280/469: 	Acc 69.68  Loss 0.930
	Batch 290/469: 	Acc 70.03  Loss 0.923
	Batch 300/469: 	Acc 69.88  Loss 0.922
	Batch 310/469: 	Acc 70.13  Loss 0.917
	Batch 320/469: 	Acc 70.47  Loss 0.910
	Batch 330/469: 	Acc 70.89  Loss 0.902
	Batch 340/469: 	Acc 71.27  Loss 0.894
	Batch 350/469: 	Acc 71.67  Loss 0.886
	Batch 360/469: 	Acc 71.79  Loss 0.886
	Batch 370/469: 	Acc 72.01  Loss 0.884
	Batch 380/469: 	Acc 71.89  Loss 0.884
	Batch 390/469: 	Acc 71.96  Loss 0.881
	Batch 400/469: 	Acc 72.13  Loss 0.876
	Batch 410/469: 	Acc 72.44  Loss 0.869
	Batch 420/469: 	Acc 72.75  Loss 0.862
	Batch 430/469: 	Acc 73.02  Loss 0.855
	Batch 440/469: 	Acc 73.33  Loss 0.849
	Batch 450/469: 	Acc 73.65  Loss 0.841
	Batch 460/469: 	Acc 73.94  Loss 0.834
		Train: 	Acc 74.17  Loss 0.828
	Batch 000/469: 	Acc 87.50  Loss 0.489
	Batch 010/469: 	Acc 85.80  Loss 0.543
	Batch 020/469: 	Acc 86.42  Loss 0.533
	Batch 030/469: 	Acc 86.34  Loss 0.532
	Batch 040/469: 	Acc 85.35  Loss 0.556
	Batch 050/469: 	Acc 84.47  Loss 0.577
	Batch 060/469: 	Acc 82.35  Loss 0.627
	Batch 070/469: 	Acc 81.31  Loss 0.653
	Batch 080/469: 	Acc 81.28  Loss 0.660
	Batch 090/469: 	Acc 81.62  Loss 0.658
	Batch 100/469: 	Acc 80.35  Loss 0.675
	Batch 110/469: 	Acc 79.81  Loss 0.688
	Batch 120/469: 	Acc 80.31  Loss 0.683
	Batch 130/469: 	Acc 80.89  Loss 0.673
	Batch 140/469: 	Acc 80.46  Loss 0.678
	Batch 150/469: 	Acc 80.48  Loss 0.679
	Batch 160/469: 	Acc 80.24  Loss 0.680
	Batch 170/469: 	Acc 79.26  Loss 0.690
	Batch 180/469: 	Acc 78.99  Loss 0.692
	Batch 190/469: 	Acc 79.04  Loss 0.689
	Batch 200/469: 	Acc 79.37  Loss 0.682
	Batch 210/469: 	Acc 79.59  Loss 0.677
	Batch 220/469: 	Acc 79.88  Loss 0.671
	Batch 230/469: 	Acc 80.20  Loss 0.664
	Batch 240/469: 	Acc 80.45  Loss 0.658
	Batch 250/469: 	Acc 80.46  Loss 0.656
	Batch 260/469: 	Acc 80.24  Loss 0.657
	Batch 270/469: 	Acc 79.70  Loss 0.666
	Batch 280/469: 	Acc 79.49  Loss 0.669
	Batch 290/469: 	Acc 79.52  Loss 0.669
	Batch 300/469: 	Acc 79.62  Loss 0.667
	Batch 310/469: 	Acc 79.83  Loss 0.663
	Batch 320/469: 	Acc 80.03  Loss 0.659
	Batch 330/469: 	Acc 80.22  Loss 0.656
	Batch 340/469: 	Acc 80.37  Loss 0.652
	Batch 350/469: 	Acc 80.51  Loss 0.650
	Batch 360/469: 	Acc 80.51  Loss 0.654
	Batch 370/469: 	Acc 80.65  Loss 0.653
	Batch 380/469: 	Acc 80.80  Loss 0.650
	Batch 390/469: 	Acc 80.99  Loss 0.646
	Batch 400/469: 	Acc 81.16  Loss 0.644
	Batch 410/469: 	Acc 81.31  Loss 0.641
	Batch 420/469: 	Acc 81.46  Loss 0.637
	Batch 430/469: 	Acc 81.60  Loss 0.633
	Batch 440/469: 	Acc 81.75  Loss 0.631
	Batch 450/469: 	Acc 81.88  Loss 0.628
	Batch 460/469: 	Acc 82.04  Loss 0.624
		Train: 	Acc 82.13  Loss 0.622
	Batch 000/469: 	Acc 92.19  Loss 0.402
	Batch 010/469: 	Acc 88.14  Loss 0.463
	Batch 020/469: 	Acc 88.10  Loss 0.463
	Batch 030/469: 	Acc 88.91  Loss 0.452
	Batch 040/469: 	Acc 89.14  Loss 0.449
	Batch 050/469: 	Acc 88.86  Loss 0.453
	Batch 060/469: 	Acc 88.69  Loss 0.454
	Batch 070/469: 	Acc 88.63  Loss 0.453
	Batch 080/469: 	Acc 88.91  Loss 0.447
	Batch 090/469: 	Acc 86.47  Loss 0.505
	Batch 100/469: 	Acc 84.44  Loss 0.562
	Batch 110/469: 	Acc 83.47  Loss 0.596
	Batch 120/469: 	Acc 82.97  Loss 0.617
	Batch 130/469: 	Acc 82.70  Loss 0.628
	Batch 140/469: 	Acc 82.66  Loss 0.631
	Batch 150/469: 	Acc 82.78  Loss 0.631
	Batch 160/469: 	Acc 82.90  Loss 0.628
	Batch 170/469: 	Acc 83.10  Loss 0.623
	Batch 180/469: 	Acc 83.21  Loss 0.618
	Batch 190/469: 	Acc 83.39  Loss 0.613
	Batch 200/469: 	Acc 83.10  Loss 0.620
	Batch 210/469: 	Acc 83.12  Loss 0.622
	Batch 220/469: 	Acc 83.19  Loss 0.620
	Batch 230/469: 	Acc 83.31  Loss 0.616
	Batch 240/469: 	Acc 83.51  Loss 0.611
	Batch 250/469: 	Acc 83.61  Loss 0.608
	Batch 260/469: 	Acc 83.54  Loss 0.606
	Batch 270/469: 	Acc 83.10  Loss 0.610
	Batch 280/469: 	Acc 83.03  Loss 0.609
	Batch 290/469: 	Acc 83.07  Loss 0.606
	Batch 300/469: 	Acc 83.18  Loss 0.603
	Batch 310/469: 	Acc 83.30  Loss 0.599
	Batch 320/469: 	Acc 83.44  Loss 0.596
	Batch 330/469: 	Acc 83.54  Loss 0.593
	Batch 340/469: 	Acc 83.69  Loss 0.588
	Batch 350/469: 	Acc 83.82  Loss 0.584
	Batch 360/469: 	Acc 83.96  Loss 0.581
	Batch 370/469: 	Acc 84.07  Loss 0.578
	Batch 380/469: 	Acc 84.21  Loss 0.574
	Batch 390/469: 	Acc 84.34  Loss 0.571
	Batch 400/469: 	Acc 84.42  Loss 0.569
	Batch 410/469: 	Acc 84.10  Loss 0.574
	Batch 420/469: 	Acc 84.08  Loss 0.574
	Batch 430/469: 	Acc 84.14  Loss 0.573
	Batch 440/469: 	Acc 84.22  Loss 0.571
	Batch 450/469: 	Acc 84.32  Loss 0.569
	Batch 460/469: 	Acc 84.44  Loss 0.566
		Train: 	Acc 84.48  Loss 0.564
	Batch 000/469: 	Acc 85.16  Loss 0.502
	Batch 010/469: 	Acc 88.71  Loss 0.448
	Batch 020/469: 	Acc 89.10  Loss 0.439
	Batch 030/469: 	Acc 88.94  Loss 0.445
	Batch 040/469: 	Acc 88.97  Loss 0.446
	Batch 050/469: 	Acc 89.06  Loss 0.447
	Batch 060/469: 	Acc 89.00  Loss 0.446
	Batch 070/469: 	Acc 89.00  Loss 0.442
	Batch 080/469: 	Acc 89.07  Loss 0.443
	Batch 090/469: 	Acc 89.27  Loss 0.435
	Batch 100/469: 	Acc 89.35  Loss 0.434
	Batch 110/469: 	Acc 89.26  Loss 0.434
	Batch 120/469: 	Acc 89.42  Loss 0.430
	Batch 130/469: 	Acc 88.74  Loss 0.442
	Batch 140/469: 	Acc 88.03  Loss 0.459
	Batch 150/469: 	Acc 87.90  Loss 0.464
	Batch 160/469: 	Acc 87.93  Loss 0.466
	Batch 170/469: 	Acc 88.03  Loss 0.463
	Batch 180/469: 	Acc 88.09  Loss 0.461
	Batch 190/469: 	Acc 88.14  Loss 0.459
	Batch 200/469: 	Acc 88.15  Loss 0.458
	Batch 210/469: 	Acc 88.28  Loss 0.456
	Batch 220/469: 	Acc 88.18  Loss 0.461
	Batch 230/469: 	Acc 87.98  Loss 0.468
	Batch 240/469: 	Acc 87.99  Loss 0.470
	Batch 250/469: 	Acc 88.07  Loss 0.469
	Batch 260/469: 	Acc 88.11  Loss 0.468
	Batch 270/469: 	Acc 88.10  Loss 0.468
	Batch 280/469: 	Acc 88.19  Loss 0.466
	Batch 290/469: 	Acc 88.22  Loss 0.465
	Batch 300/469: 	Acc 88.30  Loss 0.464
	Batch 310/469: 	Acc 88.36  Loss 0.462
	Batch 320/469: 	Acc 88.38  Loss 0.461
	Batch 330/469: 	Acc 88.28  Loss 0.463
	Batch 340/469: 	Acc 87.94  Loss 0.469
	Batch 350/469: 	Acc 87.88  Loss 0.470
	Batch 360/469: 	Acc 87.89  Loss 0.470
	Batch 370/469: 	Acc 87.89  Loss 0.470
	Batch 380/469: 	Acc 87.48  Loss 0.479
	Batch 390/469: 	Acc 87.20  Loss 0.486
	Batch 400/469: 	Acc 87.03  Loss 0.490
	Batch 410/469: 	Acc 86.88  Loss 0.494
	Batch 420/469: 	Acc 86.80  Loss 0.496
	Batch 430/469: 	Acc 86.79  Loss 0.498
	Batch 440/469: 	Acc 86.76  Loss 0.498
	Batch 450/469: 	Acc 86.80  Loss 0.498
	Batch 460/469: 	Acc 86.80  Loss 0.498
		Train: 	Acc 86.60  Loss 0.504
	Batch 000/469: 	Acc 71.09  Loss 0.946
	Batch 010/469: 	Acc 77.70  Loss 0.840
	Batch 020/469: 	Acc 81.85  Loss 0.726
	Batch 030/469: 	Acc 83.69  Loss 0.660
	Batch 040/469: 	Acc 84.98  Loss 0.612
	Batch 050/469: 	Acc 85.78  Loss 0.586
	Batch 060/469: 	Acc 86.24  Loss 0.564
	Batch 070/469: 	Acc 86.42  Loss 0.553
	Batch 080/469: 	Acc 86.75  Loss 0.542
	Batch 090/469: 	Acc 86.96  Loss 0.536
	Batch 100/469: 	Acc 87.07  Loss 0.528
	Batch 110/469: 	Acc 87.23  Loss 0.520
	Batch 120/469: 	Acc 86.61  Loss 0.533
	Batch 130/469: 	Acc 86.47  Loss 0.535
	Batch 140/469: 	Acc 86.60  Loss 0.532
	Batch 150/469: 	Acc 86.70  Loss 0.530
	Batch 160/469: 	Acc 86.94  Loss 0.523
	Batch 170/469: 	Acc 86.43  Loss 0.527
	Batch 180/469: 	Acc 86.08  Loss 0.531
	Batch 190/469: 	Acc 85.98  Loss 0.530
	Batch 200/469: 	Acc 86.00  Loss 0.527
	Batch 210/469: 	Acc 86.04  Loss 0.524
	Batch 220/469: 	Acc 86.13  Loss 0.520
	Batch 230/469: 	Acc 86.26  Loss 0.517
	Batch 240/469: 	Acc 86.43  Loss 0.513
	Batch 250/469: 	Acc 86.53  Loss 0.509
	Batch 260/469: 	Acc 86.59  Loss 0.506
	Batch 270/469: 	Acc 86.72  Loss 0.503
	Batch 280/469: 	Acc 86.77  Loss 0.501
	Batch 290/469: 	Acc 86.83  Loss 0.499
	Batch 300/469: 	Acc 86.92  Loss 0.497
	Batch 310/469: 	Acc 86.99  Loss 0.495
	Batch 320/469: 	Acc 87.10  Loss 0.492
	Batch 330/469: 	Acc 87.21  Loss 0.490
	Batch 340/469: 	Acc 87.19  Loss 0.490
	Batch 350/469: 	Acc 86.97  Loss 0.492
	Batch 360/469: 	Acc 86.86  Loss 0.493
	Batch 370/469: 	Acc 86.83  Loss 0.493
	Batch 380/469: 	Acc 86.79  Loss 0.492
	Batch 390/469: 	Acc 86.78  Loss 0.492
	Batch 400/469: 	Acc 86.58  Loss 0.495
	Batch 410/469: 	Acc 86.41  Loss 0.497
	Batch 420/469: 	Acc 86.38  Loss 0.497
	Batch 430/469: 	Acc 86.40  Loss 0.497
	Batch 440/469: 	Acc 86.43  Loss 0.496
	Batch 450/469: 	Acc 86.46  Loss 0.495
	Batch 460/469: 	Acc 86.51  Loss 0.494
		Train: 	Acc 86.53  Loss 0.493
	Batch 000/469: 	Acc 88.28  Loss 0.488
	Batch 010/469: 	Acc 89.35  Loss 0.424
	Batch 020/469: 	Acc 88.95  Loss 0.420
	Batch 030/469: 	Acc 89.24  Loss 0.411
	Batch 040/469: 	Acc 88.22  Loss 0.449
	Batch 050/469: 	Acc 87.55  Loss 0.484
	Batch 060/469: 	Acc 87.60  Loss 0.485
	Batch 070/469: 	Acc 87.90  Loss 0.481
	Batch 080/469: 	Acc 88.14  Loss 0.474
	Batch 090/469: 	Acc 88.28  Loss 0.469
	Batch 100/469: 	Acc 88.42  Loss 0.464
	Batch 110/469: 	Acc 88.51  Loss 0.459
	Batch 120/469: 	Acc 88.55  Loss 0.458
	Batch 130/469: 	Acc 88.14  Loss 0.466
	Batch 140/469: 	Acc 87.59  Loss 0.479
	Batch 150/469: 	Acc 87.52  Loss 0.484
	Batch 160/469: 	Acc 87.60  Loss 0.483
	Batch 170/469: 	Acc 87.68  Loss 0.480
	Batch 180/469: 	Acc 87.84  Loss 0.477
	Batch 190/469: 	Acc 87.99  Loss 0.476
	Batch 200/469: 	Acc 88.00  Loss 0.475
	Batch 210/469: 	Acc 88.11  Loss 0.472
	Batch 220/469: 	Acc 88.00  Loss 0.477
	Batch 230/469: 	Acc 88.06  Loss 0.477
	Batch 240/469: 	Acc 88.11  Loss 0.477
	Batch 250/469: 	Acc 88.19  Loss 0.476
	Batch 260/469: 	Acc 88.30  Loss 0.474
	Batch 270/469: 	Acc 88.31  Loss 0.473
	Batch 280/469: 	Acc 88.40  Loss 0.471
	Batch 290/469: 	Acc 88.47  Loss 0.470
	Batch 300/469: 	Acc 88.56  Loss 0.468
	Batch 310/469: 	Acc 88.25  Loss 0.475
	Batch 320/469: 	Acc 87.93  Loss 0.480
	Batch 330/469: 	Acc 87.57  Loss 0.487
	Batch 340/469: 	Acc 87.37  Loss 0.491
	Batch 350/469: 	Acc 87.24  Loss 0.493
	Batch 360/469: 	Acc 87.14  Loss 0.495
	Batch 370/469: 	Acc 87.10  Loss 0.496
	Batch 380/469: 	Acc 87.04  Loss 0.497
	Batch 390/469: 	Acc 86.99  Loss 0.498
	Batch 400/469: 	Acc 86.97  Loss 0.497
	Batch 410/469: 	Acc 86.95  Loss 0.498
	Batch 420/469: 	Acc 86.98  Loss 0.497
	Batch 430/469: 	Acc 86.98  Loss 0.496
	Batch 440/469: 	Acc 87.01  Loss 0.495
	Batch 450/469: 	Acc 87.03  Loss 0.495
	Batch 460/469: 	Acc 86.98  Loss 0.494
		Train: 	Acc 87.02  Loss 0.493
	Batch 000/469: 	Acc 84.38  Loss 0.544
	Batch 010/469: 	Acc 89.91  Loss 0.427
	Batch 020/469: 	Acc 90.03  Loss 0.417
	Batch 030/469: 	Acc 89.67  Loss 0.428
	Batch 040/469: 	Acc 89.50  Loss 0.431
	Batch 050/469: 	Acc 89.19  Loss 0.431
	Batch 060/469: 	Acc 89.29  Loss 0.429
	Batch 070/469: 	Acc 89.19  Loss 0.432
	Batch 080/469: 	Acc 89.26  Loss 0.430
	Batch 090/469: 	Acc 89.29  Loss 0.427
	Batch 100/469: 	Acc 89.39  Loss 0.423
	Batch 110/469: 	Acc 89.49  Loss 0.422
	Batch 120/469: 	Acc 89.53  Loss 0.421
	Batch 130/469: 	Acc 89.49  Loss 0.422
	Batch 140/469: 	Acc 89.48  Loss 0.421
	Batch 150/469: 	Acc 89.12  Loss 0.427
	Batch 160/469: 	Acc 88.68  Loss 0.433
	Batch 170/469: 	Acc 88.36  Loss 0.438
	Batch 180/469: 	Acc 88.17  Loss 0.440
	Batch 190/469: 	Acc 88.13  Loss 0.440
	Batch 200/469: 	Acc 87.94  Loss 0.441
	Batch 210/469: 	Acc 87.86  Loss 0.443
	Batch 220/469: 	Acc 87.88  Loss 0.441
	Batch 230/469: 	Acc 87.91  Loss 0.441
	Batch 240/469: 	Acc 87.92  Loss 0.441
	Batch 250/469: 	Acc 87.92  Loss 0.441
	Batch 260/469: 	Acc 87.93  Loss 0.440
	Batch 270/469: 	Acc 87.95  Loss 0.440
	Batch 280/469: 	Acc 88.01  Loss 0.439
	Batch 290/469: 	Acc 88.01  Loss 0.438
	Batch 300/469: 	Acc 87.83  Loss 0.441
	Batch 310/469: 	Acc 87.73  Loss 0.444
	Batch 320/469: 	Acc 87.68  Loss 0.446
	Batch 330/469: 	Acc 87.65  Loss 0.447
	Batch 340/469: 	Acc 87.65  Loss 0.447
	Batch 350/469: 	Acc 87.69  Loss 0.446
	Batch 360/469: 	Acc 87.73  Loss 0.447
	Batch 370/469: 	Acc 87.80  Loss 0.446
	Batch 380/469: 	Acc 87.84  Loss 0.445
	Batch 390/469: 	Acc 87.90  Loss 0.444
	Batch 400/469: 	Acc 87.96  Loss 0.443
	Batch 410/469: 	Acc 88.03  Loss 0.442
	Batch 420/469: 	Acc 88.03  Loss 0.441
	Batch 430/469: 	Acc 88.09  Loss 0.440
	Batch 440/469: 	Acc 88.11  Loss 0.440
	Batch 450/469: 	Acc 88.18  Loss 0.439
	Batch 460/469: 	Acc 88.19  Loss 0.438
		Train: 	Acc 88.23  Loss 0.437
	Batch 000/469: 	Acc 92.19  Loss 0.391
	Batch 010/469: 	Acc 89.06  Loss 0.414
	Batch 020/469: 	Acc 84.67  Loss 0.532
	Batch 030/469: 	Acc 84.90  Loss 0.538
	Batch 040/469: 	Acc 82.85  Loss 0.582
	Batch 050/469: 	Acc 80.59  Loss 0.634
	Batch 060/469: 	Acc 80.71  Loss 0.644
	Batch 070/469: 	Acc 80.85  Loss 0.646
	Batch 080/469: 	Acc 81.20  Loss 0.640
	Batch 090/469: 	Acc 81.97  Loss 0.627
	Batch 100/469: 	Acc 82.43  Loss 0.617
	Batch 110/469: 	Acc 83.06  Loss 0.604
	Batch 120/469: 	Acc 83.52  Loss 0.594
	Batch 130/469: 	Acc 83.91  Loss 0.584
	Batch 140/469: 	Acc 84.27  Loss 0.574
	Batch 150/469: 	Acc 84.53  Loss 0.567
	Batch 160/469: 	Acc 84.73  Loss 0.560
	Batch 170/469: 	Acc 84.91  Loss 0.554
	Batch 180/469: 	Acc 85.06  Loss 0.548
	Batch 190/469: 	Acc 85.32  Loss 0.541
	Batch 200/469: 	Acc 85.48  Loss 0.537
	Batch 210/469: 	Acc 85.70  Loss 0.530
	Batch 220/469: 	Acc 85.86  Loss 0.527
	Batch 230/469: 	Acc 86.05  Loss 0.523
	Batch 240/469: 	Acc 86.22  Loss 0.519
	Batch 250/469: 	Acc 86.29  Loss 0.517
	Batch 260/469: 	Acc 86.42  Loss 0.513
	Batch 270/469: 	Acc 86.57  Loss 0.509
	Batch 280/469: 	Acc 86.73  Loss 0.505
	Batch 290/469: 	Acc 86.83  Loss 0.502
	Batch 300/469: 	Acc 86.98  Loss 0.498
	Batch 310/469: 	Acc 87.08  Loss 0.495
	Batch 320/469: 	Acc 87.14  Loss 0.493
	Batch 330/469: 	Acc 87.25  Loss 0.490
	Batch 340/469: 	Acc 87.33  Loss 0.487
	Batch 350/469: 	Acc 87.41  Loss 0.485
	Batch 360/469: 	Acc 87.18  Loss 0.486
	Batch 370/469: 	Acc 86.91  Loss 0.493
	Batch 380/469: 	Acc 86.79  Loss 0.497
	Batch 390/469: 	Acc 86.79  Loss 0.497
	Batch 400/469: 	Acc 86.76  Loss 0.497
	Batch 410/469: 	Acc 86.78  Loss 0.497
	Batch 420/469: 	Acc 86.84  Loss 0.495
	Batch 430/469: 	Acc 86.88  Loss 0.493
	Batch 440/469: 	Acc 86.92  Loss 0.491
	Batch 450/469: 	Acc 86.95  Loss 0.489
	Batch 460/469: 	Acc 87.00  Loss 0.488
		Train: 	Acc 87.03  Loss 0.487
	Batch 000/469: 	Acc 91.41  Loss 0.447
	Batch 010/469: 	Acc 89.63  Loss 0.414
	Batch 020/469: 	Acc 89.96  Loss 0.410
	Batch 030/469: 	Acc 89.87  Loss 0.413
	Batch 040/469: 	Acc 89.86  Loss 0.413
	Batch 050/469: 	Acc 89.94  Loss 0.411
	Batch 060/469: 	Acc 89.77  Loss 0.414
	Batch 070/469: 	Acc 89.54  Loss 0.421
	Batch 080/469: 	Acc 88.33  Loss 0.446
	Batch 090/469: 	Acc 87.72  Loss 0.456
	Batch 100/469: 	Acc 87.83  Loss 0.455
	Batch 110/469: 	Acc 87.73  Loss 0.457
	Batch 120/469: 	Acc 87.75  Loss 0.457
	Batch 130/469: 	Acc 87.89  Loss 0.454
	Batch 140/469: 	Acc 88.05  Loss 0.451
	Batch 150/469: 	Acc 88.20  Loss 0.447
	Batch 160/469: 	Acc 88.34  Loss 0.445
	Batch 170/469: 	Acc 88.46  Loss 0.441
	Batch 180/469: 	Acc 88.45  Loss 0.440
	Batch 190/469: 	Acc 88.48  Loss 0.440
	Batch 200/469: 	Acc 88.50  Loss 0.439
	Batch 210/469: 	Acc 88.55  Loss 0.437
	Batch 220/469: 	Acc 88.63  Loss 0.436
	Batch 230/469: 	Acc 88.79  Loss 0.432
	Batch 240/469: 	Acc 88.85  Loss 0.431
	Batch 250/469: 	Acc 88.92  Loss 0.430
	Batch 260/469: 	Acc 88.96  Loss 0.429
	Batch 270/469: 	Acc 88.98  Loss 0.428
	Batch 280/469: 	Acc 89.00  Loss 0.428
	Batch 290/469: 	Acc 88.76  Loss 0.430
	Batch 300/469: 	Acc 88.52  Loss 0.433
	Batch 310/469: 	Acc 88.53  Loss 0.432
	Batch 320/469: 	Acc 88.49  Loss 0.432
	Batch 330/469: 	Acc 88.42  Loss 0.433
	Batch 340/469: 	Acc 88.38  Loss 0.433
	Batch 350/469: 	Acc 88.36  Loss 0.433
	Batch 360/469: 	Acc 88.38  Loss 0.433
	Batch 370/469: 	Acc 88.38  Loss 0.433
	Batch 380/469: 	Acc 88.38  Loss 0.432
	Batch 390/469: 	Acc 88.38  Loss 0.432
	Batch 400/469: 	Acc 88.43  Loss 0.431
	Batch 410/469: 	Acc 88.48  Loss 0.430
	Batch 420/469: 	Acc 88.50  Loss 0.429
	Batch 430/469: 	Acc 88.54  Loss 0.428
	Batch 440/469: 	Acc 88.57  Loss 0.427
	Batch 450/469: 	Acc 88.52  Loss 0.428
	Batch 460/469: 	Acc 88.29  Loss 0.437
		Train: 	Acc 88.23  Loss 0.439
	Batch 000/469: 	Acc 89.84  Loss 0.473
	Batch 010/469: 	Acc 91.05  Loss 0.431
	Batch 020/469: 	Acc 90.66  Loss 0.415
	Batch 030/469: 	Acc 90.37  Loss 0.414
	Batch 040/469: 	Acc 90.22  Loss 0.416
	Batch 050/469: 	Acc 90.20  Loss 0.417
	Batch 060/469: 	Acc 90.16  Loss 0.414
	Batch 070/469: 	Acc 90.06  Loss 0.415
	Batch 080/469: 	Acc 90.08  Loss 0.413
	Batch 090/469: 	Acc 89.99  Loss 0.413
	Batch 100/469: 	Acc 90.15  Loss 0.409
	Batch 110/469: 	Acc 90.10  Loss 0.406
	Batch 120/469: 	Acc 90.21  Loss 0.403
	Batch 130/469: 	Acc 90.29  Loss 0.402
	Batch 140/469: 	Acc 89.49  Loss 0.418
	Batch 150/469: 	Acc 89.19  Loss 0.425
	Batch 160/469: 	Acc 89.09  Loss 0.427
	Batch 170/469: 	Acc 88.97  Loss 0.429
	Batch 180/469: 	Acc 88.94  Loss 0.431
	Batch 190/469: 	Acc 89.02  Loss 0.428
	Batch 200/469: 	Acc 89.01  Loss 0.428
	Batch 210/469: 	Acc 89.03  Loss 0.427
	Batch 220/469: 	Acc 89.11  Loss 0.425
	Batch 230/469: 	Acc 89.20  Loss 0.423
	Batch 240/469: 	Acc 89.23  Loss 0.423
	Batch 250/469: 	Acc 89.25  Loss 0.422
	Batch 260/469: 	Acc 89.23  Loss 0.421
	Batch 270/469: 	Acc 89.19  Loss 0.421
	Batch 280/469: 	Acc 89.25  Loss 0.421
	Batch 290/469: 	Acc 89.27  Loss 0.420
	Batch 300/469: 	Acc 89.34  Loss 0.419
	Batch 310/469: 	Acc 89.12  Loss 0.422
	Batch 320/469: 	Acc 88.86  Loss 0.427
	Batch 330/469: 	Acc 88.72  Loss 0.430
	Batch 340/469: 	Acc 88.71  Loss 0.430
	Batch 350/469: 	Acc 88.74  Loss 0.430
	Batch 360/469: 	Acc 88.62  Loss 0.431
	Batch 370/469: 	Acc 88.39  Loss 0.436
	Batch 380/469: 	Acc 88.26  Loss 0.438
	Batch 390/469: 	Acc 88.13  Loss 0.440
	Batch 400/469: 	Acc 88.05  Loss 0.442
	Batch 410/469: 	Acc 87.99  Loss 0.443
	Batch 420/469: 	Acc 87.94  Loss 0.444
	Batch 430/469: 	Acc 87.84  Loss 0.445
	Batch 440/469: 	Acc 87.80  Loss 0.445
	Batch 450/469: 	Acc 87.72  Loss 0.446
	Batch 460/469: 	Acc 87.70  Loss 0.446
		Train: 	Acc 87.69  Loss 0.446
	Batch 000/469: 	Acc 88.28  Loss 0.453
	Batch 010/469: 	Acc 87.71  Loss 0.430
	Batch 020/469: 	Acc 88.39  Loss 0.416
	Batch 030/469: 	Acc 88.36  Loss 0.420
	Batch 040/469: 	Acc 88.55  Loss 0.422
	Batch 050/469: 	Acc 88.65  Loss 0.420
	Batch 060/469: 	Acc 88.64  Loss 0.421
	Batch 070/469: 	Acc 88.61  Loss 0.420
	Batch 080/469: 	Acc 88.59  Loss 0.422
	Batch 090/469: 	Acc 88.68  Loss 0.419
	Batch 100/469: 	Acc 88.72  Loss 0.418
	Batch 110/469: 	Acc 88.83  Loss 0.417
	Batch 120/469: 	Acc 88.78  Loss 0.420
	Batch 130/469: 	Acc 88.89  Loss 0.417
	Batch 140/469: 	Acc 88.33  Loss 0.431
	Batch 150/469: 	Acc 88.00  Loss 0.440
	Batch 160/469: 	Acc 87.99  Loss 0.441
	Batch 170/469: 	Acc 88.03  Loss 0.440
	Batch 180/469: 	Acc 88.07  Loss 0.440
	Batch 190/469: 	Acc 88.14  Loss 0.439
	Batch 200/469: 	Acc 88.12  Loss 0.440
	Batch 210/469: 	Acc 88.07  Loss 0.440
	Batch 220/469: 	Acc 88.11  Loss 0.440
	Batch 230/469: 	Acc 88.14  Loss 0.438
	Batch 240/469: 	Acc 88.19  Loss 0.437
	Batch 250/469: 	Acc 88.28  Loss 0.436
	Batch 260/469: 	Acc 88.34  Loss 0.434
	Batch 270/469: 	Acc 88.37  Loss 0.432
	Batch 280/469: 	Acc 88.48  Loss 0.430
	Batch 290/469: 	Acc 88.50  Loss 0.430
	Batch 300/469: 	Acc 88.56  Loss 0.428
	Batch 310/469: 	Acc 88.56  Loss 0.427
	Batch 320/469: 	Acc 88.59  Loss 0.427
	Batch 330/469: 	Acc 88.65  Loss 0.425
	Batch 340/469: 	Acc 88.70  Loss 0.424
	Batch 350/469: 	Acc 88.74  Loss 0.422
	Batch 360/469: 	Acc 88.79  Loss 0.421
	Batch 370/469: 	Acc 88.81  Loss 0.421
	Batch 380/469: 	Acc 88.51  Loss 0.428
	Batch 390/469: 	Acc 88.28  Loss 0.431
	Batch 400/469: 	Acc 88.22  Loss 0.433
	Batch 410/469: 	Acc 88.19  Loss 0.434
	Batch 420/469: 	Acc 88.18  Loss 0.435
	Batch 430/469: 	Acc 88.16  Loss 0.435
	Batch 440/469: 	Acc 88.17  Loss 0.435
	Batch 450/469: 	Acc 88.16  Loss 0.436
	Batch 460/469: 	Acc 88.00  Loss 0.439
		Train: 	Acc 87.92  Loss 0.440
	Batch 000/469: 	Acc 83.59  Loss 0.572
	Batch 010/469: 	Acc 84.45  Loss 0.512
	Batch 020/469: 	Acc 85.79  Loss 0.487
	Batch 030/469: 	Acc 86.44  Loss 0.474
	Batch 040/469: 	Acc 86.76  Loss 0.474
	Batch 050/469: 	Acc 87.15  Loss 0.462
	Batch 060/469: 	Acc 87.12  Loss 0.460
	Batch 070/469: 	Acc 86.91  Loss 0.460
	Batch 080/469: 	Acc 86.63  Loss 0.463
	Batch 090/469: 	Acc 86.62  Loss 0.462
	Batch 100/469: 	Acc 86.53  Loss 0.460
	Batch 110/469: 	Acc 86.61  Loss 0.460
	Batch 120/469: 	Acc 86.66  Loss 0.459
	Batch 130/469: 	Acc 86.71  Loss 0.458
	Batch 140/469: 	Acc 86.75  Loss 0.456
	Batch 150/469: 	Acc 86.78  Loss 0.455
	Batch 160/469: 	Acc 86.81  Loss 0.454
	Batch 170/469: 	Acc 86.81  Loss 0.454
	Batch 180/469: 	Acc 86.87  Loss 0.452
	Batch 190/469: 	Acc 86.98  Loss 0.450
	Batch 200/469: 	Acc 87.02  Loss 0.449
	Batch 210/469: 	Acc 87.13  Loss 0.447
	Batch 220/469: 	Acc 87.25  Loss 0.445
	Batch 230/469: 	Acc 87.30  Loss 0.444
	Batch 240/469: 	Acc 87.38  Loss 0.443
	Batch 250/469: 	Acc 87.45  Loss 0.441
	Batch 260/469: 	Acc 87.50  Loss 0.440
	Batch 270/469: 	Acc 87.58  Loss 0.439
	Batch 280/469: 	Acc 87.67  Loss 0.437
	Batch 290/469: 	Acc 87.75  Loss 0.436
	Batch 300/469: 	Acc 87.82  Loss 0.434
	Batch 310/469: 	Acc 87.89  Loss 0.432
	Batch 320/469: 	Acc 87.95  Loss 0.431
	Batch 330/469: 	Acc 87.98  Loss 0.430
	Batch 340/469: 	Acc 87.99  Loss 0.429
	Batch 350/469: 	Acc 88.05  Loss 0.428
	Batch 360/469: 	Acc 88.08  Loss 0.427
	Batch 370/469: 	Acc 88.13  Loss 0.426
	Batch 380/469: 	Acc 88.19  Loss 0.424
	Batch 390/469: 	Acc 88.25  Loss 0.423
	Batch 400/469: 	Acc 88.29  Loss 0.422
	Batch 410/469: 	Acc 88.27  Loss 0.425
	Batch 420/469: 	Acc 88.23  Loss 0.428
	Batch 430/469: 	Acc 88.25  Loss 0.429
	Batch 440/469: 	Acc 88.26  Loss 0.429
	Batch 450/469: 	Acc 88.33  Loss 0.428
	Batch 460/469: 	Acc 88.36  Loss 0.427
		Train: 	Acc 88.37  Loss 0.428
	Batch 000/469: 	Acc 86.72  Loss 0.446
	Batch 010/469: 	Acc 89.99  Loss 0.400
	Batch 020/469: 	Acc 89.81  Loss 0.402
	Batch 030/469: 	Acc 89.14  Loss 0.413
	Batch 040/469: 	Acc 89.82  Loss 0.400
	Batch 050/469: 	Acc 89.98  Loss 0.397
	Batch 060/469: 	Acc 89.95  Loss 0.397
	Batch 070/469: 	Acc 89.85  Loss 0.396
	Batch 080/469: 	Acc 89.89  Loss 0.395
	Batch 090/469: 	Acc 90.07  Loss 0.391
	Batch 100/469: 	Acc 90.08  Loss 0.390
	Batch 110/469: 	Acc 90.18  Loss 0.388
	Batch 120/469: 	Acc 90.19  Loss 0.387
	Batch 130/469: 	Acc 90.18  Loss 0.387
	Batch 140/469: 	Acc 90.19  Loss 0.390
	Batch 150/469: 	Acc 90.19  Loss 0.389
	Batch 160/469: 	Acc 90.27  Loss 0.389
	Batch 170/469: 	Acc 90.29  Loss 0.388
	Batch 180/469: 	Acc 90.27  Loss 0.388
	Batch 190/469: 	Acc 90.29  Loss 0.386
	Batch 200/469: 	Acc 90.24  Loss 0.387
	Batch 210/469: 	Acc 90.26  Loss 0.388
	Batch 220/469: 	Acc 90.32  Loss 0.386
	Batch 230/469: 	Acc 90.31  Loss 0.387
	Batch 240/469: 	Acc 90.11  Loss 0.390
	Batch 250/469: 	Acc 89.60  Loss 0.401
	Batch 260/469: 	Acc 89.25  Loss 0.409
	Batch 270/469: 	Acc 89.01  Loss 0.414
	Batch 280/469: 	Acc 88.54  Loss 0.424
	Batch 290/469: 	Acc 88.28  Loss 0.431
	Batch 300/469: 	Acc 88.09  Loss 0.437
	Batch 310/469: 	Acc 87.93  Loss 0.440
	Batch 320/469: 	Acc 87.85  Loss 0.441
	Batch 330/469: 	Acc 87.80  Loss 0.442
	Batch 340/469: 	Acc 87.75  Loss 0.443
	Batch 350/469: 	Acc 87.71  Loss 0.443
	Batch 360/469: 	Acc 87.69  Loss 0.444
	Batch 370/469: 	Acc 87.67  Loss 0.444
	Batch 380/469: 	Acc 87.64  Loss 0.445
	Batch 390/469: 	Acc 87.65  Loss 0.444
	Batch 400/469: 	Acc 87.64  Loss 0.444
	Batch 410/469: 	Acc 87.63  Loss 0.444
	Batch 420/469: 	Acc 87.65  Loss 0.443
	Batch 430/469: 	Acc 87.66  Loss 0.443
	Batch 440/469: 	Acc 87.69  Loss 0.442
	Batch 450/469: 	Acc 87.71  Loss 0.442
	Batch 460/469: 	Acc 87.71  Loss 0.442
		Train: 	Acc 87.73  Loss 0.441
	Batch 000/469: 	Acc 87.50  Loss 0.392
	Batch 010/469: 	Acc 88.21  Loss 0.414
	Batch 020/469: 	Acc 88.50  Loss 0.412
	Batch 030/469: 	Acc 88.81  Loss 0.409
	Batch 040/469: 	Acc 88.89  Loss 0.407
	Batch 050/469: 	Acc 89.03  Loss 0.407
	Batch 060/469: 	Acc 89.08  Loss 0.407
	Batch 070/469: 	Acc 89.19  Loss 0.405
	Batch 080/469: 	Acc 89.24  Loss 0.406
	Batch 090/469: 	Acc 89.22  Loss 0.406
	Batch 100/469: 	Acc 89.19  Loss 0.406
	Batch 110/469: 	Acc 89.23  Loss 0.405
	Batch 120/469: 	Acc 89.32  Loss 0.403
	Batch 130/469: 	Acc 89.34  Loss 0.402
	Batch 140/469: 	Acc 89.37  Loss 0.401
	Batch 150/469: 	Acc 89.47  Loss 0.399
	Batch 160/469: 	Acc 89.43  Loss 0.400
	Batch 170/469: 	Acc 89.44  Loss 0.400
	Batch 180/469: 	Acc 89.36  Loss 0.401
	Batch 190/469: 	Acc 89.39  Loss 0.401
	Batch 200/469: 	Acc 89.33  Loss 0.402
	Batch 210/469: 	Acc 89.35  Loss 0.401
	Batch 220/469: 	Acc 89.45  Loss 0.400
	Batch 230/469: 	Acc 89.50  Loss 0.399
	Batch 240/469: 	Acc 89.50  Loss 0.398
	Batch 250/469: 	Acc 89.53  Loss 0.398
	Batch 260/469: 	Acc 89.50  Loss 0.398
	Batch 270/469: 	Acc 89.52  Loss 0.397
	Batch 280/469: 	Acc 89.55  Loss 0.396
	Batch 290/469: 	Acc 89.51  Loss 0.397
	Batch 300/469: 	Acc 89.52  Loss 0.397
	Batch 310/469: 	Acc 89.53  Loss 0.396
	Batch 320/469: 	Acc 89.59  Loss 0.395
	Batch 330/469: 	Acc 89.61  Loss 0.395
	Batch 340/469: 	Acc 89.62  Loss 0.394
	Batch 350/469: 	Acc 89.51  Loss 0.397
	Batch 360/469: 	Acc 89.35  Loss 0.402
	Batch 370/469: 	Acc 89.30  Loss 0.404
	Batch 380/469: 	Acc 89.27  Loss 0.406
	Batch 390/469: 	Acc 89.27  Loss 0.407
	Batch 400/469: 	Acc 89.24  Loss 0.408
	Batch 410/469: 	Acc 89.19  Loss 0.410
	Batch 420/469: 	Acc 89.18  Loss 0.411
	Batch 430/469: 	Acc 89.19  Loss 0.411
	Batch 440/469: 	Acc 89.18  Loss 0.411
	Batch 450/469: 	Acc 89.21  Loss 0.411
	Batch 460/469: 	Acc 89.23  Loss 0.411
		Train: 	Acc 89.26  Loss 0.411
	Batch 000/469: 	Acc 89.06  Loss 0.457
	Batch 010/469: 	Acc 90.06  Loss 0.389
	Batch 020/469: 	Acc 89.99  Loss 0.394
	Batch 030/469: 	Acc 90.42  Loss 0.393
	Batch 040/469: 	Acc 90.53  Loss 0.391
	Batch 050/469: 	Acc 90.55  Loss 0.393
	Batch 060/469: 	Acc 90.60  Loss 0.389
	Batch 070/469: 	Acc 90.51  Loss 0.390
	Batch 080/469: 	Acc 90.42  Loss 0.390
	Batch 090/469: 	Acc 88.82  Loss 0.443
	Batch 100/469: 	Acc 88.71  Loss 0.453
	Batch 110/469: 	Acc 88.77  Loss 0.453
	Batch 120/469: 	Acc 88.98  Loss 0.446
	Batch 130/469: 	Acc 89.05  Loss 0.443
	Batch 140/469: 	Acc 89.08  Loss 0.439
	Batch 150/469: 	Acc 89.10  Loss 0.438
	Batch 160/469: 	Acc 89.23  Loss 0.434
	Batch 170/469: 	Acc 89.29  Loss 0.432
	Batch 180/469: 	Acc 89.39  Loss 0.428
	Batch 190/469: 	Acc 89.41  Loss 0.428
	Batch 200/469: 	Acc 89.52  Loss 0.425
	Batch 210/469: 	Acc 89.57  Loss 0.423
	Batch 220/469: 	Acc 89.67  Loss 0.420
	Batch 230/469: 	Acc 89.68  Loss 0.419
	Batch 240/469: 	Acc 89.73  Loss 0.419
	Batch 250/469: 	Acc 89.78  Loss 0.417
	Batch 260/469: 	Acc 89.79  Loss 0.415
	Batch 270/469: 	Acc 89.57  Loss 0.417
	Batch 280/469: 	Acc 89.44  Loss 0.419
	Batch 290/469: 	Acc 89.36  Loss 0.420
	Batch 300/469: 	Acc 89.31  Loss 0.420
	Batch 310/469: 	Acc 89.25  Loss 0.420
	Batch 320/469: 	Acc 89.18  Loss 0.421
	Batch 330/469: 	Acc 89.13  Loss 0.421
	Batch 340/469: 	Acc 89.11  Loss 0.420
	Batch 350/469: 	Acc 89.05  Loss 0.421
	Batch 360/469: 	Acc 89.01  Loss 0.421
	Batch 370/469: 	Acc 88.99  Loss 0.421
	Batch 380/469: 	Acc 88.98  Loss 0.420
	Batch 390/469: 	Acc 88.97  Loss 0.420
	Batch 400/469: 	Acc 88.80  Loss 0.423
	Batch 410/469: 	Acc 88.68  Loss 0.425
	Batch 420/469: 	Acc 88.58  Loss 0.426
	Batch 430/469: 	Acc 88.56  Loss 0.425
	Batch 440/469: 	Acc 88.52  Loss 0.426
	Batch 450/469: 	Acc 88.50  Loss 0.426
	Batch 460/469: 	Acc 88.51  Loss 0.426
		Train: 	Acc 88.52  Loss 0.426
	Batch 000/469: 	Acc 89.84  Loss 0.369
	Batch 010/469: 	Acc 89.28  Loss 0.390
	Batch 020/469: 	Acc 89.10  Loss 0.393
	Batch 030/469: 	Acc 89.06  Loss 0.404
	Batch 040/469: 	Acc 88.78  Loss 0.405
	Batch 050/469: 	Acc 88.92  Loss 0.404
	Batch 060/469: 	Acc 89.08  Loss 0.404
	Batch 070/469: 	Acc 89.30  Loss 0.400
	Batch 080/469: 	Acc 88.96  Loss 0.416
	Batch 090/469: 	Acc 88.85  Loss 0.425
	Batch 100/469: 	Acc 88.87  Loss 0.428
	Batch 110/469: 	Acc 88.99  Loss 0.428
	Batch 120/469: 	Acc 89.01  Loss 0.430
	Batch 130/469: 	Acc 88.97  Loss 0.429
	Batch 140/469: 	Acc 89.08  Loss 0.426
	Batch 150/469: 	Acc 89.10  Loss 0.425
	Batch 160/469: 	Acc 89.05  Loss 0.424
	Batch 170/469: 	Acc 89.12  Loss 0.422
	Batch 180/469: 	Acc 89.19  Loss 0.421
	Batch 190/469: 	Acc 89.21  Loss 0.420
	Batch 200/469: 	Acc 89.26  Loss 0.418
	Batch 210/469: 	Acc 89.05  Loss 0.421
	Batch 220/469: 	Acc 88.84  Loss 0.425
	Batch 230/469: 	Acc 88.73  Loss 0.428
	Batch 240/469: 	Acc 88.78  Loss 0.427
	Batch 250/469: 	Acc 88.76  Loss 0.428
	Batch 260/469: 	Acc 88.75  Loss 0.428
	Batch 270/469: 	Acc 88.83  Loss 0.426
	Batch 280/469: 	Acc 88.84  Loss 0.427
	Batch 290/469: 	Acc 88.87  Loss 0.426
	Batch 300/469: 	Acc 88.93  Loss 0.424
	Batch 310/469: 	Acc 88.86  Loss 0.425
	Batch 320/469: 	Acc 88.60  Loss 0.428
	Batch 330/469: 	Acc 88.40  Loss 0.431
	Batch 340/469: 	Acc 88.09  Loss 0.438
	Batch 350/469: 	Acc 87.95  Loss 0.441
	Batch 360/469: 	Acc 87.85  Loss 0.443
	Batch 370/469: 	Acc 87.83  Loss 0.443
	Batch 380/469: 	Acc 87.85  Loss 0.443
	Batch 390/469: 	Acc 87.85  Loss 0.444
	Batch 400/469: 	Acc 87.81  Loss 0.444
	Batch 410/469: 	Acc 87.81  Loss 0.444
	Batch 420/469: 	Acc 87.84  Loss 0.444
	Batch 430/469: 	Acc 87.86  Loss 0.443
	Batch 440/469: 	Acc 87.87  Loss 0.443
	Batch 450/469: 	Acc 87.89  Loss 0.442
	Batch 460/469: 	Acc 87.90  Loss 0.441
		Train: 	Acc 87.92  Loss 0.441
	Batch 000/469: 	Acc 90.62  Loss 0.371
	Batch 010/469: 	Acc 88.57  Loss 0.434
	Batch 020/469: 	Acc 88.99  Loss 0.421
	Batch 030/469: 	Acc 89.16  Loss 0.414
	Batch 040/469: 	Acc 89.60  Loss 0.408
	Batch 050/469: 	Acc 89.57  Loss 0.410
	Batch 060/469: 	Acc 89.65  Loss 0.408
	Batch 070/469: 	Acc 89.77  Loss 0.404
	Batch 080/469: 	Acc 89.88  Loss 0.404
	Batch 090/469: 	Acc 89.96  Loss 0.399
	Batch 100/469: 	Acc 89.90  Loss 0.399
	Batch 110/469: 	Acc 89.96  Loss 0.398
	Batch 120/469: 	Acc 90.01  Loss 0.398
	Batch 130/469: 	Acc 90.05  Loss 0.395
	Batch 140/469: 	Acc 90.07  Loss 0.396
	Batch 150/469: 	Acc 90.06  Loss 0.396
	Batch 160/469: 	Acc 89.99  Loss 0.395
	Batch 170/469: 	Acc 89.99  Loss 0.395
	Batch 180/469: 	Acc 90.02  Loss 0.395
	Batch 190/469: 	Acc 90.13  Loss 0.392
	Batch 200/469: 	Acc 90.22  Loss 0.390
	Batch 210/469: 	Acc 90.20  Loss 0.390
	Batch 220/469: 	Acc 90.17  Loss 0.390
	Batch 230/469: 	Acc 90.14  Loss 0.389
	Batch 240/469: 	Acc 90.19  Loss 0.387
	Batch 250/469: 	Acc 90.02  Loss 0.391
	Batch 260/469: 	Acc 89.77  Loss 0.395
	Batch 270/469: 	Acc 89.48  Loss 0.400
	Batch 280/469: 	Acc 89.30  Loss 0.404
	Batch 290/469: 	Acc 89.19  Loss 0.406
	Batch 300/469: 	Acc 89.06  Loss 0.407
	Batch 310/469: 	Acc 88.98  Loss 0.408
	Batch 320/469: 	Acc 88.86  Loss 0.410
	Batch 330/469: 	Acc 88.85  Loss 0.409
	Batch 340/469: 	Acc 88.82  Loss 0.409
	Batch 350/469: 	Acc 88.73  Loss 0.410
	Batch 360/469: 	Acc 88.66  Loss 0.411
	Batch 370/469: 	Acc 88.63  Loss 0.412
	Batch 380/469: 	Acc 88.59  Loss 0.412
	Batch 390/469: 	Acc 88.59  Loss 0.412
	Batch 400/469: 	Acc 88.53  Loss 0.413
	Batch 410/469: 	Acc 88.52  Loss 0.413
	Batch 420/469: 	Acc 88.53  Loss 0.413
	Batch 430/469: 	Acc 88.55  Loss 0.412
	Batch 440/469: 	Acc 88.55  Loss 0.412
	Batch 450/469: 	Acc 88.54  Loss 0.413
	Batch 460/469: 	Acc 88.53  Loss 0.413
		Train: 	Acc 88.55  Loss 0.413
	Batch 000/469: 	Acc 92.19  Loss 0.376
	Batch 010/469: 	Acc 90.70  Loss 0.375
	Batch 020/469: 	Acc 89.43  Loss 0.382
	Batch 030/469: 	Acc 89.59  Loss 0.378
	Batch 040/469: 	Acc 89.39  Loss 0.385
	Batch 050/469: 	Acc 89.23  Loss 0.388
	Batch 060/469: 	Acc 89.25  Loss 0.386
	Batch 070/469: 	Acc 89.36  Loss 0.386
	Batch 080/469: 	Acc 89.42  Loss 0.387
	Batch 090/469: 	Acc 89.40  Loss 0.389
	Batch 100/469: 	Acc 89.48  Loss 0.388
	Batch 110/469: 	Acc 89.49  Loss 0.386
	Batch 120/469: 	Acc 89.45  Loss 0.386
	Batch 130/469: 	Acc 89.51  Loss 0.385
	Batch 140/469: 	Acc 89.53  Loss 0.385
	Batch 150/469: 	Acc 89.51  Loss 0.385
	Batch 160/469: 	Acc 89.54  Loss 0.385
	Batch 170/469: 	Acc 89.55  Loss 0.386
	Batch 180/469: 	Acc 89.52  Loss 0.386
	Batch 190/469: 	Acc 89.55  Loss 0.385
	Batch 200/469: 	Acc 89.54  Loss 0.386
	Batch 210/469: 	Acc 89.59  Loss 0.385
	Batch 220/469: 	Acc 89.60  Loss 0.385
	Batch 230/469: 	Acc 89.61  Loss 0.385
	Batch 240/469: 	Acc 89.60  Loss 0.386
	Batch 250/469: 	Acc 89.61  Loss 0.385
	Batch 260/469: 	Acc 89.61  Loss 0.385
	Batch 270/469: 	Acc 89.69  Loss 0.384
	Batch 280/469: 	Acc 89.67  Loss 0.385
	Batch 290/469: 	Acc 89.70  Loss 0.386
	Batch 300/469: 	Acc 89.70  Loss 0.386
	Batch 310/469: 	Acc 89.69  Loss 0.386
	Batch 320/469: 	Acc 89.70  Loss 0.386
	Batch 330/469: 	Acc 89.74  Loss 0.385
	Batch 340/469: 	Acc 89.76  Loss 0.385
	Batch 350/469: 	Acc 89.76  Loss 0.384
	Batch 360/469: 	Acc 89.74  Loss 0.386
	Batch 370/469: 	Acc 89.71  Loss 0.388
	Batch 380/469: 	Acc 89.67  Loss 0.389
	Batch 390/469: 	Acc 89.67  Loss 0.389
	Batch 400/469: 	Acc 89.67  Loss 0.390
	Batch 410/469: 	Acc 89.66  Loss 0.391
	Batch 420/469: 	Acc 89.67  Loss 0.391
	Batch 430/469: 	Acc 89.66  Loss 0.391
	Batch 440/469: 	Acc 89.70  Loss 0.390
	Batch 450/469: 	Acc 89.73  Loss 0.390
	Batch 460/469: 	Acc 89.76  Loss 0.390
		Train: 	Acc 89.80  Loss 0.390
	Batch 000/469: 	Acc 96.09  Loss 0.293
	Batch 010/469: 	Acc 91.41  Loss 0.364
	Batch 020/469: 	Acc 91.03  Loss 0.373
	Batch 030/469: 	Acc 90.90  Loss 0.372
	Batch 040/469: 	Acc 90.99  Loss 0.372
	Batch 050/469: 	Acc 91.12  Loss 0.369
	Batch 060/469: 	Acc 91.09  Loss 0.371
	Batch 070/469: 	Acc 90.91  Loss 0.373
	Batch 080/469: 	Acc 90.89  Loss 0.371
	Batch 090/469: 	Acc 90.67  Loss 0.373
	Batch 100/469: 	Acc 90.42  Loss 0.376
	Batch 110/469: 	Acc 90.12  Loss 0.379
	Batch 120/469: 	Acc 89.86  Loss 0.381
	Batch 130/469: 	Acc 89.69  Loss 0.385
	Batch 140/469: 	Acc 89.57  Loss 0.387
	Batch 150/469: 	Acc 89.49  Loss 0.388
	Batch 160/469: 	Acc 89.31  Loss 0.390
	Batch 170/469: 	Acc 89.26  Loss 0.391
	Batch 180/469: 	Acc 89.16  Loss 0.393
	Batch 190/469: 	Acc 89.10  Loss 0.393
	Batch 200/469: 	Acc 89.11  Loss 0.393
	Batch 210/469: 	Acc 89.08  Loss 0.393
	Batch 220/469: 	Acc 89.03  Loss 0.393
	Batch 230/469: 	Acc 88.96  Loss 0.394
	Batch 240/469: 	Acc 88.90  Loss 0.395
	Batch 250/469: 	Acc 88.94  Loss 0.395
	Batch 260/469: 	Acc 88.94  Loss 0.395
	Batch 270/469: 	Acc 88.95  Loss 0.395
	Batch 280/469: 	Acc 88.93  Loss 0.395
	Batch 290/469: 	Acc 88.97  Loss 0.395
	Batch 300/469: 	Acc 88.98  Loss 0.395
	Batch 310/469: 	Acc 88.99  Loss 0.395
	Batch 320/469: 	Acc 89.00  Loss 0.394
	Batch 330/469: 	Acc 88.99  Loss 0.394
	Batch 340/469: 	Acc 89.03  Loss 0.393
	Batch 350/469: 	Acc 89.04  Loss 0.392
	Batch 360/469: 	Acc 88.98  Loss 0.393
	Batch 370/469: 	Acc 88.80  Loss 0.397
	Batch 380/469: 	Acc 88.71  Loss 0.399
	Batch 390/469: 	Acc 88.42  Loss 0.407
	Batch 400/469: 	Acc 88.22  Loss 0.411
	Batch 410/469: 	Acc 88.07  Loss 0.416
	Batch 420/469: 	Acc 87.99  Loss 0.419
	Batch 430/469: 	Acc 87.93  Loss 0.421
	Batch 440/469: 	Acc 87.88  Loss 0.422
	Batch 450/469: 	Acc 87.87  Loss 0.423
	Batch 460/469: 	Acc 87.88  Loss 0.423
		Train: 	Acc 87.88  Loss 0.423
	Batch 000/469: 	Acc 81.25  Loss 0.522
	Batch 010/469: 	Acc 87.50  Loss 0.428
	Batch 020/469: 	Acc 88.06  Loss 0.419
	Batch 030/469: 	Acc 88.26  Loss 0.420
	Batch 040/469: 	Acc 88.70  Loss 0.408
	Batch 050/469: 	Acc 88.63  Loss 0.411
	Batch 060/469: 	Acc 88.77  Loss 0.408
	Batch 070/469: 	Acc 88.61  Loss 0.410
	Batch 080/469: 	Acc 88.58  Loss 0.409
	Batch 090/469: 	Acc 88.58  Loss 0.409
	Batch 100/469: 	Acc 88.64  Loss 0.409
	Batch 110/469: 	Acc 88.62  Loss 0.409
	Batch 120/469: 	Acc 88.73  Loss 0.407
	Batch 130/469: 	Acc 88.78  Loss 0.405
	Batch 140/469: 	Acc 88.77  Loss 0.404
	Batch 150/469: 	Acc 88.87  Loss 0.402
	Batch 160/469: 	Acc 88.99  Loss 0.400
	Batch 170/469: 	Acc 89.06  Loss 0.398
	Batch 180/469: 	Acc 89.12  Loss 0.397
	Batch 190/469: 	Acc 89.16  Loss 0.398
	Batch 200/469: 	Acc 89.21  Loss 0.397
	Batch 210/469: 	Acc 89.31  Loss 0.395
	Batch 220/469: 	Acc 89.41  Loss 0.394
	Batch 230/469: 	Acc 89.46  Loss 0.394
	Batch 240/469: 	Acc 89.50  Loss 0.393
	Batch 250/469: 	Acc 89.55  Loss 0.392
	Batch 260/469: 	Acc 89.54  Loss 0.393
	Batch 270/469: 	Acc 89.61  Loss 0.392
	Batch 280/469: 	Acc 89.57  Loss 0.393
	Batch 290/469: 	Acc 89.39  Loss 0.397
	Batch 300/469: 	Acc 89.33  Loss 0.399
	Batch 310/469: 	Acc 89.26  Loss 0.400
	Batch 320/469: 	Acc 89.21  Loss 0.402
	Batch 330/469: 	Acc 89.20  Loss 0.402
	Batch 340/469: 	Acc 89.20  Loss 0.402
	Batch 350/469: 	Acc 89.24  Loss 0.402
	Batch 360/469: 	Acc 89.22  Loss 0.402
	Batch 370/469: 	Acc 89.26  Loss 0.401
	Batch 380/469: 	Acc 89.28  Loss 0.401
	Batch 390/469: 	Acc 89.31  Loss 0.400
	Batch 400/469: 	Acc 89.34  Loss 0.400
	Batch 410/469: 	Acc 89.38  Loss 0.399
	Batch 420/469: 	Acc 89.41  Loss 0.399
	Batch 430/469: 	Acc 89.44  Loss 0.399
	Batch 440/469: 	Acc 89.43  Loss 0.400
	Batch 450/469: 	Acc 89.38  Loss 0.403
	Batch 460/469: 	Acc 89.36  Loss 0.404
		Train: 	Acc 89.38  Loss 0.404
	Batch 000/469: 	Acc 91.41  Loss 0.431
	Batch 010/469: 	Acc 91.19  Loss 0.424
	Batch 020/469: 	Acc 90.14  Loss 0.426
	Batch 030/469: 	Acc 90.32  Loss 0.421
	Batch 040/469: 	Acc 90.62  Loss 0.412
	Batch 050/469: 	Acc 90.47  Loss 0.408
	Batch 060/469: 	Acc 90.52  Loss 0.403
	Batch 070/469: 	Acc 90.54  Loss 0.403
	Batch 080/469: 	Acc 90.45  Loss 0.401
	Batch 090/469: 	Acc 90.46  Loss 0.400
	Batch 100/469: 	Acc 90.46  Loss 0.398
	Batch 110/469: 	Acc 90.43  Loss 0.397
	Batch 120/469: 	Acc 90.50  Loss 0.394
	Batch 130/469: 	Acc 90.46  Loss 0.394
	Batch 140/469: 	Acc 90.45  Loss 0.394
	Batch 150/469: 	Acc 90.43  Loss 0.393
	Batch 160/469: 	Acc 90.46  Loss 0.391
	Batch 170/469: 	Acc 90.46  Loss 0.391
	Batch 180/469: 	Acc 90.42  Loss 0.390
	Batch 190/469: 	Acc 90.40  Loss 0.389
	Batch 200/469: 	Acc 90.41  Loss 0.389
	Batch 210/469: 	Acc 90.44  Loss 0.389
	Batch 220/469: 	Acc 90.48  Loss 0.387
	Batch 230/469: 	Acc 90.46  Loss 0.387
	Batch 240/469: 	Acc 90.40  Loss 0.388
	Batch 250/469: 	Acc 90.27  Loss 0.389
	Batch 260/469: 	Acc 90.22  Loss 0.390
	Batch 270/469: 	Acc 90.19  Loss 0.390
	Batch 280/469: 	Acc 90.15  Loss 0.390
	Batch 290/469: 	Acc 90.09  Loss 0.392
	Batch 300/469: 	Acc 90.06  Loss 0.392
	Batch 310/469: 	Acc 90.01  Loss 0.393
	Batch 320/469: 	Acc 89.99  Loss 0.394
	Batch 330/469: 	Acc 89.97  Loss 0.394
	Batch 340/469: 	Acc 89.97  Loss 0.393
	Batch 350/469: 	Acc 89.94  Loss 0.393
	Batch 360/469: 	Acc 89.95  Loss 0.394
	Batch 370/469: 	Acc 89.97  Loss 0.393
	Batch 380/469: 	Acc 89.97  Loss 0.393
	Batch 390/469: 	Acc 89.98  Loss 0.392
	Batch 400/469: 	Acc 89.99  Loss 0.392
	Batch 410/469: 	Acc 89.99  Loss 0.392
	Batch 420/469: 	Acc 89.98  Loss 0.392
	Batch 430/469: 	Acc 89.75  Loss 0.400
	Batch 440/469: 	Acc 89.63  Loss 0.405
	Batch 450/469: 	Acc 89.65  Loss 0.406
	Batch 460/469: 	Acc 89.65  Loss 0.406
		Train: 	Acc 89.66  Loss 0.405
	Batch 000/469: 	Acc 88.28  Loss 0.422
	Batch 010/469: 	Acc 88.64  Loss 0.413
	Batch 020/469: 	Acc 88.73  Loss 0.395
	Batch 030/469: 	Acc 88.33  Loss 0.406
	Batch 040/469: 	Acc 87.60  Loss 0.414
	Batch 050/469: 	Acc 87.64  Loss 0.420
	Batch 060/469: 	Acc 87.51  Loss 0.419
	Batch 070/469: 	Acc 87.47  Loss 0.421
	Batch 080/469: 	Acc 87.61  Loss 0.418
	Batch 090/469: 	Acc 87.74  Loss 0.415
	Batch 100/469: 	Acc 87.95  Loss 0.412
	Batch 110/469: 	Acc 87.99  Loss 0.413
	Batch 120/469: 	Acc 87.96  Loss 0.415
	Batch 130/469: 	Acc 87.66  Loss 0.420
	Batch 140/469: 	Acc 87.33  Loss 0.424
	Batch 150/469: 	Acc 87.06  Loss 0.428
	Batch 160/469: 	Acc 86.99  Loss 0.430
	Batch 170/469: 	Acc 86.86  Loss 0.431
	Batch 180/469: 	Acc 86.88  Loss 0.432
	Batch 190/469: 	Acc 86.87  Loss 0.431
	Batch 200/469: 	Acc 86.85  Loss 0.431
	Batch 210/469: 	Acc 86.77  Loss 0.434
	Batch 220/469: 	Acc 86.84  Loss 0.433
	Batch 230/469: 	Acc 86.87  Loss 0.432
	Batch 240/469: 	Acc 86.93  Loss 0.431
	Batch 250/469: 	Acc 86.98  Loss 0.430
	Batch 260/469: 	Acc 87.05  Loss 0.429
	Batch 270/469: 	Acc 87.10  Loss 0.428
	Batch 280/469: 	Acc 87.21  Loss 0.427
	Batch 290/469: 	Acc 87.30  Loss 0.425
	Batch 300/469: 	Acc 87.39  Loss 0.424
	Batch 310/469: 	Acc 87.42  Loss 0.423
	Batch 320/469: 	Acc 87.46  Loss 0.423
	Batch 330/469: 	Acc 87.53  Loss 0.422
	Batch 340/469: 	Acc 87.58  Loss 0.421
	Batch 350/469: 	Acc 87.59  Loss 0.420
	Batch 360/469: 	Acc 87.57  Loss 0.421
	Batch 370/469: 	Acc 87.62  Loss 0.420
	Batch 380/469: 	Acc 87.65  Loss 0.419
	Batch 390/469: 	Acc 87.73  Loss 0.418
	Batch 400/469: 	Acc 87.78  Loss 0.416
	Batch 410/469: 	Acc 87.85  Loss 0.415
	Batch 420/469: 	Acc 87.86  Loss 0.415
	Batch 430/469: 	Acc 87.91  Loss 0.414
	Batch 440/469: 	Acc 87.81  Loss 0.417
	Batch 450/469: 	Acc 87.76  Loss 0.417
	Batch 460/469: 	Acc 87.72  Loss 0.418
		Train: 	Acc 87.69  Loss 0.419
	Batch 000/469: 	Acc 89.84  Loss 0.403
	Batch 010/469: 	Acc 88.35  Loss 0.419
	Batch 020/469: 	Acc 87.72  Loss 0.416
	Batch 030/469: 	Acc 87.68  Loss 0.415
	Batch 040/469: 	Acc 88.19  Loss 0.408
	Batch 050/469: 	Acc 88.16  Loss 0.413
	Batch 060/469: 	Acc 88.08  Loss 0.411
	Batch 070/469: 	Acc 88.30  Loss 0.407
	Batch 080/469: 	Acc 88.45  Loss 0.405
	Batch 090/469: 	Acc 88.60  Loss 0.403
	Batch 100/469: 	Acc 88.81  Loss 0.400
	Batch 110/469: 	Acc 88.82  Loss 0.399
	Batch 120/469: 	Acc 88.87  Loss 0.397
	Batch 130/469: 	Acc 89.01  Loss 0.394
	Batch 140/469: 	Acc 89.08  Loss 0.393
	Batch 150/469: 	Acc 89.18  Loss 0.391
	Batch 160/469: 	Acc 89.18  Loss 0.392
	Batch 170/469: 	Acc 89.20  Loss 0.392
	Batch 180/469: 	Acc 89.16  Loss 0.394
	Batch 190/469: 	Acc 89.20  Loss 0.393
	Batch 200/469: 	Acc 89.32  Loss 0.391
	Batch 210/469: 	Acc 89.33  Loss 0.391
	Batch 220/469: 	Acc 89.41  Loss 0.389
	Batch 230/469: 	Acc 89.49  Loss 0.388
	Batch 240/469: 	Acc 89.52  Loss 0.387
	Batch 250/469: 	Acc 89.50  Loss 0.387
	Batch 260/469: 	Acc 89.52  Loss 0.389
	Batch 270/469: 	Acc 89.51  Loss 0.388
	Batch 280/469: 	Acc 89.52  Loss 0.387
	Batch 290/469: 	Acc 89.55  Loss 0.386
	Batch 300/469: 	Acc 89.60  Loss 0.385
	Batch 310/469: 	Acc 89.63  Loss 0.385
	Batch 320/469: 	Acc 89.61  Loss 0.386
	Batch 330/469: 	Acc 89.57  Loss 0.387
	Batch 340/469: 	Acc 89.56  Loss 0.389
	Batch 350/469: 	Acc 89.55  Loss 0.390
	Batch 360/469: 	Acc 89.53  Loss 0.392
	Batch 370/469: 	Acc 89.58  Loss 0.392
	Batch 380/469: 	Acc 89.60  Loss 0.392
	Batch 390/469: 	Acc 89.63  Loss 0.392
	Batch 400/469: 	Acc 89.64  Loss 0.392
	Batch 410/469: 	Acc 89.67  Loss 0.392
	Batch 420/469: 	Acc 89.71  Loss 0.391
	Batch 430/469: 	Acc 89.77  Loss 0.391
	Batch 440/469: 	Acc 89.75  Loss 0.391
	Batch 450/469: 	Acc 89.75  Loss 0.392
	Batch 460/469: 	Acc 89.80  Loss 0.391
		Train: 	Acc 89.79  Loss 0.391
	Batch 000/469: 	Acc 92.19  Loss 0.341
	Batch 010/469: 	Acc 90.06  Loss 0.378
	Batch 020/469: 	Acc 90.74  Loss 0.367
	Batch 030/469: 	Acc 90.78  Loss 0.364
	Batch 040/469: 	Acc 89.56  Loss 0.392
	Batch 050/469: 	Acc 88.40  Loss 0.418
	Batch 060/469: 	Acc 88.13  Loss 0.427
	Batch 070/469: 	Acc 88.04  Loss 0.437
	Batch 080/469: 	Acc 87.97  Loss 0.441
	Batch 090/469: 	Acc 88.08  Loss 0.439
	Batch 100/469: 	Acc 88.27  Loss 0.435
	Batch 110/469: 	Acc 88.24  Loss 0.434
	Batch 120/469: 	Acc 88.29  Loss 0.432
	Batch 130/469: 	Acc 88.53  Loss 0.427
	Batch 140/469: 	Acc 88.61  Loss 0.424
	Batch 150/469: 	Acc 88.70  Loss 0.422
	Batch 160/469: 	Acc 88.85  Loss 0.418
	Batch 170/469: 	Acc 88.95  Loss 0.415
	Batch 180/469: 	Acc 89.04  Loss 0.413
	Batch 190/469: 	Acc 89.21  Loss 0.410
	Batch 200/469: 	Acc 89.27  Loss 0.408
	Batch 210/469: 	Acc 89.34  Loss 0.406
	Batch 220/469: 	Acc 89.38  Loss 0.404
	Batch 230/469: 	Acc 89.42  Loss 0.402
	Batch 240/469: 	Acc 89.42  Loss 0.402
	Batch 250/469: 	Acc 89.40  Loss 0.401
	Batch 260/469: 	Acc 89.51  Loss 0.399
	Batch 270/469: 	Acc 89.54  Loss 0.399
	Batch 280/469: 	Acc 89.57  Loss 0.398
	Batch 290/469: 	Acc 89.60  Loss 0.397
	Batch 300/469: 	Acc 89.64  Loss 0.396
	Batch 310/469: 	Acc 89.64  Loss 0.396
	Batch 320/469: 	Acc 89.64  Loss 0.395
	Batch 330/469: 	Acc 89.65  Loss 0.394
	Batch 340/469: 	Acc 89.68  Loss 0.394
	Batch 350/469: 	Acc 89.71  Loss 0.392
	Batch 360/469: 	Acc 89.73  Loss 0.391
	Batch 370/469: 	Acc 89.76  Loss 0.390
	Batch 380/469: 	Acc 89.74  Loss 0.390
	Batch 390/469: 	Acc 89.76  Loss 0.390
	Batch 400/469: 	Acc 89.76  Loss 0.389
	Batch 410/469: 	Acc 89.80  Loss 0.389
	Batch 420/469: 	Acc 89.80  Loss 0.389
	Batch 430/469: 	Acc 89.83  Loss 0.388
	Batch 440/469: 	Acc 89.87  Loss 0.388
	Batch 450/469: 	Acc 89.91  Loss 0.386
	Batch 460/469: 	Acc 89.94  Loss 0.385
		Train: 	Acc 89.95  Loss 0.386
	Batch 000/469: 	Acc 93.75  Loss 0.289
	Batch 010/469: 	Acc 90.41  Loss 0.368
	Batch 020/469: 	Acc 90.14  Loss 0.360
	Batch 030/469: 	Acc 90.45  Loss 0.358
	Batch 040/469: 	Acc 90.59  Loss 0.363
	Batch 050/469: 	Acc 90.75  Loss 0.357
	Batch 060/469: 	Acc 90.56  Loss 0.359
	Batch 070/469: 	Acc 90.59  Loss 0.359
	Batch 080/469: 	Acc 90.56  Loss 0.364
	Batch 090/469: 	Acc 90.59  Loss 0.364
	Batch 100/469: 	Acc 90.73  Loss 0.361
	Batch 110/469: 	Acc 90.72  Loss 0.361
	Batch 120/469: 	Acc 90.73  Loss 0.362
	Batch 130/469: 	Acc 90.76  Loss 0.363
	Batch 140/469: 	Acc 90.73  Loss 0.362
	Batch 150/469: 	Acc 90.72  Loss 0.362
	Batch 160/469: 	Acc 90.75  Loss 0.363
	Batch 170/469: 	Acc 90.68  Loss 0.364
	Batch 180/469: 	Acc 90.63  Loss 0.364
	Batch 190/469: 	Acc 90.61  Loss 0.365
	Batch 200/469: 	Acc 90.54  Loss 0.365
	Batch 210/469: 	Acc 90.56  Loss 0.365
	Batch 220/469: 	Acc 90.70  Loss 0.363
	Batch 230/469: 	Acc 90.71  Loss 0.362
	Batch 240/469: 	Acc 90.71  Loss 0.363
	Batch 250/469: 	Acc 90.63  Loss 0.364
	Batch 260/469: 	Acc 90.46  Loss 0.367
	Batch 270/469: 	Acc 90.33  Loss 0.368
	Batch 280/469: 	Acc 90.22  Loss 0.370
	Batch 290/469: 	Acc 90.12  Loss 0.372
	Batch 300/469: 	Acc 89.93  Loss 0.375
	Batch 310/469: 	Acc 89.66  Loss 0.380
	Batch 320/469: 	Acc 89.49  Loss 0.384
	Batch 330/469: 	Acc 89.30  Loss 0.388
	Batch 340/469: 	Acc 89.22  Loss 0.389
	Batch 350/469: 	Acc 89.13  Loss 0.391
	Batch 360/469: 	Acc 89.05  Loss 0.392
	Batch 370/469: 	Acc 88.97  Loss 0.394
	Batch 380/469: 	Acc 88.83  Loss 0.397
	Batch 390/469: 	Acc 88.72  Loss 0.399
	Batch 400/469: 	Acc 88.65  Loss 0.400
	Batch 410/469: 	Acc 88.57  Loss 0.401
	Batch 420/469: 	Acc 88.54  Loss 0.402
	Batch 430/469: 	Acc 88.53  Loss 0.403
	Batch 440/469: 	Acc 88.49  Loss 0.403
	Batch 450/469: 	Acc 88.48  Loss 0.405
	Batch 460/469: 	Acc 88.46  Loss 0.405
		Train: 	Acc 88.47  Loss 0.405
	Batch 000/469: 	Acc 91.41  Loss 0.345
	Batch 010/469: 	Acc 88.78  Loss 0.403
	Batch 020/469: 	Acc 89.43  Loss 0.401
	Batch 030/469: 	Acc 89.19  Loss 0.400
	Batch 040/469: 	Acc 89.20  Loss 0.395
	Batch 050/469: 	Acc 89.03  Loss 0.402
	Batch 060/469: 	Acc 88.97  Loss 0.401
	Batch 070/469: 	Acc 88.90  Loss 0.400
	Batch 080/469: 	Acc 88.74  Loss 0.402
	Batch 090/469: 	Acc 88.73  Loss 0.402
	Batch 100/469: 	Acc 88.90  Loss 0.396
	Batch 110/469: 	Acc 88.95  Loss 0.395
	Batch 120/469: 	Acc 89.04  Loss 0.395
	Batch 130/469: 	Acc 89.06  Loss 0.394
	Batch 140/469: 	Acc 89.10  Loss 0.393
	Batch 150/469: 	Acc 89.07  Loss 0.394
	Batch 160/469: 	Acc 89.04  Loss 0.394
	Batch 170/469: 	Acc 89.12  Loss 0.392
	Batch 180/469: 	Acc 89.13  Loss 0.391
	Batch 190/469: 	Acc 89.18  Loss 0.390
	Batch 200/469: 	Acc 89.17  Loss 0.389
	Batch 210/469: 	Acc 89.23  Loss 0.389
	Batch 220/469: 	Acc 89.23  Loss 0.388
	Batch 230/469: 	Acc 89.16  Loss 0.394
	Batch 240/469: 	Acc 89.12  Loss 0.398
	Batch 250/469: 	Acc 89.05  Loss 0.401
	Batch 260/469: 	Acc 89.03  Loss 0.403
	Batch 270/469: 	Acc 89.06  Loss 0.403
	Batch 280/469: 	Acc 89.11  Loss 0.403
	Batch 290/469: 	Acc 89.14  Loss 0.403
	Batch 300/469: 	Acc 89.17  Loss 0.403
	Batch 310/469: 	Acc 89.17  Loss 0.402
	Batch 320/469: 	Acc 89.19  Loss 0.402
	Batch 330/469: 	Acc 89.19  Loss 0.401
	Batch 340/469: 	Acc 89.20  Loss 0.401
	Batch 350/469: 	Acc 89.25  Loss 0.400
	Batch 360/469: 	Acc 89.26  Loss 0.399
	Batch 370/469: 	Acc 89.29  Loss 0.399
	Batch 380/469: 	Acc 89.31  Loss 0.399
	Batch 390/469: 	Acc 89.33  Loss 0.399
	Batch 400/469: 	Acc 89.36  Loss 0.398
	Batch 410/469: 	Acc 89.38  Loss 0.398
	Batch 420/469: 	Acc 89.39  Loss 0.397
	Batch 430/469: 	Acc 89.38  Loss 0.397
	Batch 440/469: 	Acc 89.42  Loss 0.397
	Batch 450/469: 	Acc 89.48  Loss 0.395
	Batch 460/469: 	Acc 89.51  Loss 0.394
		Train: 	Acc 89.51  Loss 0.394
	Batch 000/469: 	Acc 89.06  Loss 0.352
	Batch 010/469: 	Acc 90.34  Loss 0.355
	Batch 020/469: 	Acc 90.74  Loss 0.361
	Batch 030/469: 	Acc 90.32  Loss 0.366
	Batch 040/469: 	Acc 90.34  Loss 0.369
	Batch 050/469: 	Acc 90.29  Loss 0.371
	Batch 060/469: 	Acc 90.48  Loss 0.367
	Batch 070/469: 	Acc 90.49  Loss 0.367
	Batch 080/469: 	Acc 90.45  Loss 0.369
	Batch 090/469: 	Acc 90.34  Loss 0.370
	Batch 100/469: 	Acc 90.28  Loss 0.371
	Batch 110/469: 	Acc 90.36  Loss 0.369
	Batch 120/469: 	Acc 90.41  Loss 0.370
	Batch 130/469: 	Acc 90.39  Loss 0.371
	Batch 140/469: 	Acc 90.43  Loss 0.371
	Batch 150/469: 	Acc 90.44  Loss 0.370
	Batch 160/469: 	Acc 90.48  Loss 0.369
	Batch 170/469: 	Acc 90.51  Loss 0.369
	Batch 180/469: 	Acc 90.50  Loss 0.369
	Batch 190/469: 	Acc 90.54  Loss 0.368
	Batch 200/469: 	Acc 90.57  Loss 0.368
	Batch 210/469: 	Acc 90.56  Loss 0.369
	Batch 220/469: 	Acc 90.56  Loss 0.369
	Batch 230/469: 	Acc 90.60  Loss 0.368
	Batch 240/469: 	Acc 90.60  Loss 0.367
	Batch 250/469: 	Acc 90.63  Loss 0.366
	Batch 260/469: 	Acc 90.66  Loss 0.365
	Batch 270/469: 	Acc 90.67  Loss 0.364
	Batch 280/469: 	Acc 90.64  Loss 0.364
	Batch 290/469: 	Acc 90.65  Loss 0.363
	Batch 300/469: 	Acc 90.61  Loss 0.363
	Batch 310/469: 	Acc 90.63  Loss 0.362
	Batch 320/469: 	Acc 90.64  Loss 0.362
	Batch 330/469: 	Acc 90.66  Loss 0.362
	Batch 340/469: 	Acc 90.64  Loss 0.362
	Batch 350/469: 	Acc 90.62  Loss 0.363
	Batch 360/469: 	Acc 90.62  Loss 0.362
	Batch 370/469: 	Acc 90.63  Loss 0.362
	Batch 380/469: 	Acc 90.64  Loss 0.362
	Batch 390/469: 	Acc 90.67  Loss 0.361
	Batch 400/469: 	Acc 90.66  Loss 0.361
	Batch 410/469: 	Acc 90.68  Loss 0.361
	Batch 420/469: 	Acc 90.51  Loss 0.364
	Batch 430/469: 	Acc 90.37  Loss 0.366
	Batch 440/469: 	Acc 90.29  Loss 0.367
	Batch 450/469: 	Acc 90.19  Loss 0.368
	Batch 460/469: 	Acc 90.00  Loss 0.372
		Train: 	Acc 89.86  Loss 0.375
	Batch 000/469: 	Acc 87.50  Loss 0.389
	Batch 010/469: 	Acc 85.16  Loss 0.470
	Batch 020/469: 	Acc 85.94  Loss 0.456
	Batch 030/469: 	Acc 86.14  Loss 0.448
	Batch 040/469: 	Acc 86.36  Loss 0.439
	Batch 050/469: 	Acc 86.61  Loss 0.435
	Batch 060/469: 	Acc 86.83  Loss 0.430
	Batch 070/469: 	Acc 87.08  Loss 0.429
	Batch 080/469: 	Acc 87.16  Loss 0.427
	Batch 090/469: 	Acc 87.40  Loss 0.421
	Batch 100/469: 	Acc 87.57  Loss 0.417
	Batch 110/469: 	Acc 87.79  Loss 0.414
	Batch 120/469: 	Acc 87.87  Loss 0.414
	Batch 130/469: 	Acc 87.97  Loss 0.411
	Batch 140/469: 	Acc 88.04  Loss 0.407
	Batch 150/469: 	Acc 88.25  Loss 0.404
	Batch 160/469: 	Acc 88.34  Loss 0.403
	Batch 170/469: 	Acc 88.47  Loss 0.400
	Batch 180/469: 	Acc 88.59  Loss 0.397
	Batch 190/469: 	Acc 88.58  Loss 0.397
	Batch 200/469: 	Acc 88.70  Loss 0.395
	Batch 210/469: 	Acc 88.84  Loss 0.393
	Batch 220/469: 	Acc 88.90  Loss 0.391
	Batch 230/469: 	Acc 88.95  Loss 0.391
	Batch 240/469: 	Acc 89.06  Loss 0.389
	Batch 250/469: 	Acc 89.11  Loss 0.389
	Batch 260/469: 	Acc 89.16  Loss 0.388
	Batch 270/469: 	Acc 89.22  Loss 0.387
	Batch 280/469: 	Acc 89.29  Loss 0.386
	Batch 290/469: 	Acc 89.28  Loss 0.385
	Batch 300/469: 	Acc 89.34  Loss 0.384
	Batch 310/469: 	Acc 89.34  Loss 0.384
	Batch 320/469: 	Acc 89.40  Loss 0.383
	Batch 330/469: 	Acc 89.44  Loss 0.382
	Batch 340/469: 	Acc 89.46  Loss 0.381
	Batch 350/469: 	Acc 89.48  Loss 0.380
	Batch 360/469: 	Acc 89.51  Loss 0.379
	Batch 370/469: 	Acc 89.54  Loss 0.378
	Batch 380/469: 	Acc 89.56  Loss 0.378
	Batch 390/469: 	Acc 89.58  Loss 0.378
	Batch 400/469: 	Acc 89.61  Loss 0.377
	Batch 410/469: 	Acc 89.66  Loss 0.377
	Batch 420/469: 	Acc 89.71  Loss 0.376
	Batch 430/469: 	Acc 89.74  Loss 0.376
	Batch 440/469: 	Acc 89.68  Loss 0.378
	Batch 450/469: 	Acc 89.62  Loss 0.380
	Batch 460/469: 	Acc 89.56  Loss 0.381
		Train: 	Acc 89.49  Loss 0.382
	Batch 000/469: 	Acc 85.94  Loss 0.599
	Batch 010/469: 	Acc 84.09  Loss 0.565
	Batch 020/469: 	Acc 84.34  Loss 0.546
	Batch 030/469: 	Acc 85.13  Loss 0.518
	Batch 040/469: 	Acc 85.88  Loss 0.500
	Batch 050/469: 	Acc 86.29  Loss 0.493
	Batch 060/469: 	Acc 86.49  Loss 0.484
	Batch 070/469: 	Acc 86.60  Loss 0.479
	Batch 080/469: 	Acc 86.71  Loss 0.476
	Batch 090/469: 	Acc 86.92  Loss 0.469
	Batch 100/469: 	Acc 87.15  Loss 0.463
	Batch 110/469: 	Acc 87.23  Loss 0.458
	Batch 120/469: 	Acc 87.29  Loss 0.454
	Batch 130/469: 	Acc 87.45  Loss 0.450
	Batch 140/469: 	Acc 87.54  Loss 0.446
	Batch 150/469: 	Acc 87.72  Loss 0.442
	Batch 160/469: 	Acc 87.78  Loss 0.440
	Batch 170/469: 	Acc 87.81  Loss 0.437
	Batch 180/469: 	Acc 87.86  Loss 0.434
	Batch 190/469: 	Acc 88.00  Loss 0.431
	Batch 200/469: 	Acc 88.08  Loss 0.428
	Batch 210/469: 	Acc 88.15  Loss 0.426
	Batch 220/469: 	Acc 88.16  Loss 0.425
	Batch 230/469: 	Acc 88.22  Loss 0.424
	Batch 240/469: 	Acc 88.27  Loss 0.422
	Batch 250/469: 	Acc 88.35  Loss 0.420
	Batch 260/469: 	Acc 88.43  Loss 0.418
	Batch 270/469: 	Acc 88.43  Loss 0.417
	Batch 280/469: 	Acc 88.43  Loss 0.416
	Batch 290/469: 	Acc 88.46  Loss 0.415
	Batch 300/469: 	Acc 88.52  Loss 0.414
	Batch 310/469: 	Acc 88.60  Loss 0.412
	Batch 320/469: 	Acc 88.66  Loss 0.411
	Batch 330/469: 	Acc 88.71  Loss 0.410
	Batch 340/469: 	Acc 88.74  Loss 0.409
	Batch 350/469: 	Acc 88.81  Loss 0.407
	Batch 360/469: 	Acc 88.86  Loss 0.406
	Batch 370/469: 	Acc 88.92  Loss 0.405
	Batch 380/469: 	Acc 88.92  Loss 0.405
	Batch 390/469: 	Acc 88.94  Loss 0.404
	Batch 400/469: 	Acc 88.96  Loss 0.404
	Batch 410/469: 	Acc 88.99  Loss 0.403
	Batch 420/469: 	Acc 88.95  Loss 0.404
	Batch 430/469: 	Acc 88.98  Loss 0.403
	Batch 440/469: 	Acc 88.98  Loss 0.402
	Batch 450/469: 	Acc 89.01  Loss 0.401
	Batch 460/469: 	Acc 89.03  Loss 0.401
		Train: 	Acc 89.06  Loss 0.400
	Batch 000/469: 	Acc 92.19  Loss 0.316
	Batch 010/469: 	Acc 90.91  Loss 0.348
	Batch 020/469: 	Acc 90.55  Loss 0.351
	Batch 030/469: 	Acc 90.17  Loss 0.351
	Batch 040/469: 	Acc 89.98  Loss 0.353
	Batch 050/469: 	Acc 89.72  Loss 0.362
	Batch 060/469: 	Acc 89.68  Loss 0.363
	Batch 070/469: 	Acc 89.73  Loss 0.363
	Batch 080/469: 	Acc 89.68  Loss 0.367
	Batch 090/469: 	Acc 89.75  Loss 0.367
	Batch 100/469: 	Acc 89.71  Loss 0.367
	Batch 110/469: 	Acc 89.84  Loss 0.364
	Batch 120/469: 	Acc 90.00  Loss 0.362
	Batch 130/469: 	Acc 90.11  Loss 0.361
	Batch 140/469: 	Acc 90.12  Loss 0.361
	Batch 150/469: 	Acc 90.18  Loss 0.361
	Batch 160/469: 	Acc 90.21  Loss 0.361
	Batch 170/469: 	Acc 90.30  Loss 0.359
	Batch 180/469: 	Acc 90.26  Loss 0.360
	Batch 190/469: 	Acc 90.24  Loss 0.361
	Batch 200/469: 	Acc 90.28  Loss 0.362
	Batch 210/469: 	Acc 90.27  Loss 0.362
	Batch 220/469: 	Acc 90.29  Loss 0.361
	Batch 230/469: 	Acc 90.22  Loss 0.363
	Batch 240/469: 	Acc 90.23  Loss 0.362
	Batch 250/469: 	Acc 90.22  Loss 0.363
	Batch 260/469: 	Acc 90.21  Loss 0.363
	Batch 270/469: 	Acc 90.18  Loss 0.364
	Batch 280/469: 	Acc 90.21  Loss 0.364
	Batch 290/469: 	Acc 90.20  Loss 0.364
	Batch 300/469: 	Acc 90.23  Loss 0.363
	Batch 310/469: 	Acc 90.29  Loss 0.362
	Batch 320/469: 	Acc 90.26  Loss 0.362
	Batch 330/469: 	Acc 90.24  Loss 0.363
	Batch 340/469: 	Acc 90.22  Loss 0.364
	Batch 350/469: 	Acc 90.26  Loss 0.363
	Batch 360/469: 	Acc 90.30  Loss 0.364
	Batch 370/469: 	Acc 90.33  Loss 0.364
	Batch 380/469: 	Acc 90.34  Loss 0.364
	Batch 390/469: 	Acc 90.37  Loss 0.363
	Batch 400/469: 	Acc 90.38  Loss 0.363
	Batch 410/469: 	Acc 90.38  Loss 0.363
	Batch 420/469: 	Acc 90.40  Loss 0.362
	Batch 430/469: 	Acc 90.41  Loss 0.362
	Batch 440/469: 	Acc 90.41  Loss 0.362
	Batch 450/469: 	Acc 90.40  Loss 0.363
	Batch 460/469: 	Acc 90.20  Loss 0.367
		Train: 	Acc 90.08  Loss 0.369
	Batch 000/469: 	Acc 82.03  Loss 0.575
	Batch 010/469: 	Acc 84.73  Loss 0.501
	Batch 020/469: 	Acc 84.67  Loss 0.484
	Batch 030/469: 	Acc 85.16  Loss 0.469
	Batch 040/469: 	Acc 85.54  Loss 0.468
	Batch 050/469: 	Acc 85.88  Loss 0.462
	Batch 060/469: 	Acc 86.26  Loss 0.454
	Batch 070/469: 	Acc 86.71  Loss 0.444
	Batch 080/469: 	Acc 86.95  Loss 0.436
	Batch 090/469: 	Acc 87.19  Loss 0.433
	Batch 100/469: 	Acc 87.31  Loss 0.430
	Batch 110/469: 	Acc 87.21  Loss 0.430
	Batch 120/469: 	Acc 87.48  Loss 0.424
	Batch 130/469: 	Acc 87.67  Loss 0.421
	Batch 140/469: 	Acc 87.74  Loss 0.419
	Batch 150/469: 	Acc 87.87  Loss 0.416
	Batch 160/469: 	Acc 87.98  Loss 0.413
	Batch 170/469: 	Acc 88.08  Loss 0.411
	Batch 180/469: 	Acc 88.13  Loss 0.410
	Batch 190/469: 	Acc 88.24  Loss 0.408
	Batch 200/469: 	Acc 88.30  Loss 0.406
	Batch 210/469: 	Acc 88.35  Loss 0.406
	Batch 220/469: 	Acc 88.45  Loss 0.403
	Batch 230/469: 	Acc 88.43  Loss 0.404
	Batch 240/469: 	Acc 88.55  Loss 0.402
	Batch 250/469: 	Acc 88.60  Loss 0.402
	Batch 260/469: 	Acc 88.66  Loss 0.400
	Batch 270/469: 	Acc 88.77  Loss 0.398
	Batch 280/469: 	Acc 88.82  Loss 0.396
	Batch 290/469: 	Acc 88.86  Loss 0.395
	Batch 300/469: 	Acc 88.92  Loss 0.393
	Batch 310/469: 	Acc 88.98  Loss 0.393
	Batch 320/469: 	Acc 88.90  Loss 0.393
	Batch 330/469: 	Acc 88.80  Loss 0.395
	Batch 340/469: 	Acc 88.72  Loss 0.396
	Batch 350/469: 	Acc 88.70  Loss 0.396
	Batch 360/469: 	Acc 88.68  Loss 0.397
	Batch 370/469: 	Acc 88.62  Loss 0.397
	Batch 380/469: 	Acc 88.55  Loss 0.398
	Batch 390/469: 	Acc 88.56  Loss 0.397
	Batch 400/469: 	Acc 88.55  Loss 0.397
	Batch 410/469: 	Acc 88.48  Loss 0.398
	Batch 420/469: 	Acc 88.47  Loss 0.398
	Batch 430/469: 	Acc 88.45  Loss 0.398
	Batch 440/469: 	Acc 88.42  Loss 0.398
	Batch 450/469: 	Acc 88.34  Loss 0.400
	Batch 460/469: 	Acc 88.34  Loss 0.401
		Train: 	Acc 88.33  Loss 0.401
	Batch 000/469: 	Acc 85.94  Loss 0.450
	Batch 010/469: 	Acc 84.59  Loss 0.479
	Batch 020/469: 	Acc 85.49  Loss 0.456
	Batch 030/469: 	Acc 86.44  Loss 0.444
	Batch 040/469: 	Acc 86.74  Loss 0.439
	Batch 050/469: 	Acc 87.01  Loss 0.437
	Batch 060/469: 	Acc 87.63  Loss 0.421
	Batch 070/469: 	Acc 87.46  Loss 0.421
	Batch 080/469: 	Acc 87.73  Loss 0.417
	Batch 090/469: 	Acc 87.84  Loss 0.415
	Batch 100/469: 	Acc 87.92  Loss 0.414
	Batch 110/469: 	Acc 87.77  Loss 0.417
	Batch 120/469: 	Acc 87.80  Loss 0.416
	Batch 130/469: 	Acc 87.91  Loss 0.417
	Batch 140/469: 	Acc 88.04  Loss 0.413
	Batch 150/469: 	Acc 88.10  Loss 0.412
	Batch 160/469: 	Acc 88.13  Loss 0.411
	Batch 170/469: 	Acc 88.22  Loss 0.409
	Batch 180/469: 	Acc 88.23  Loss 0.408
	Batch 190/469: 	Acc 88.25  Loss 0.408
	Batch 200/469: 	Acc 88.26  Loss 0.407
	Batch 210/469: 	Acc 88.31  Loss 0.406
	Batch 220/469: 	Acc 88.37  Loss 0.406
	Batch 230/469: 	Acc 88.45  Loss 0.403
	Batch 240/469: 	Acc 88.45  Loss 0.402
	Batch 250/469: 	Acc 88.54  Loss 0.400
	Batch 260/469: 	Acc 88.61  Loss 0.398
	Batch 270/469: 	Acc 88.66  Loss 0.397
	Batch 280/469: 	Acc 88.70  Loss 0.396
	Batch 290/469: 	Acc 88.79  Loss 0.395
	Batch 300/469: 	Acc 88.81  Loss 0.395
	Batch 310/469: 	Acc 88.83  Loss 0.394
	Batch 320/469: 	Acc 88.83  Loss 0.394
	Batch 330/469: 	Acc 88.86  Loss 0.393
	Batch 340/469: 	Acc 88.86  Loss 0.392
	Batch 350/469: 	Acc 88.91  Loss 0.392
	Batch 360/469: 	Acc 88.71  Loss 0.399
	Batch 370/469: 	Acc 88.68  Loss 0.403
	Batch 380/469: 	Acc 88.70  Loss 0.404
	Batch 390/469: 	Acc 88.72  Loss 0.403
	Batch 400/469: 	Acc 88.76  Loss 0.402
	Batch 410/469: 	Acc 88.81  Loss 0.401
	Batch 420/469: 	Acc 88.88  Loss 0.401
	Batch 430/469: 	Acc 88.87  Loss 0.401
	Batch 440/469: 	Acc 88.90  Loss 0.401
	Batch 450/469: 	Acc 88.85  Loss 0.403
	Batch 460/469: 	Acc 88.85  Loss 0.404
		Train: 	Acc 88.83  Loss 0.406
	Batch 000/469: 	Acc 91.41  Loss 0.370
	Batch 010/469: 	Acc 89.77  Loss 0.430
	Batch 020/469: 	Acc 90.70  Loss 0.410
	Batch 030/469: 	Acc 90.15  Loss 0.412
	Batch 040/469: 	Acc 90.24  Loss 0.405
	Batch 050/469: 	Acc 90.30  Loss 0.399
	Batch 060/469: 	Acc 90.07  Loss 0.398
	Batch 070/469: 	Acc 89.93  Loss 0.399
	Batch 080/469: 	Acc 89.82  Loss 0.397
	Batch 090/469: 	Acc 89.84  Loss 0.396
	Batch 100/469: 	Acc 89.81  Loss 0.394
	Batch 110/469: 	Acc 89.88  Loss 0.392
	Batch 120/469: 	Acc 89.87  Loss 0.394
	Batch 130/469: 	Acc 89.96  Loss 0.391
	Batch 140/469: 	Acc 90.00  Loss 0.390
	Batch 150/469: 	Acc 90.10  Loss 0.389
	Batch 160/469: 	Acc 90.16  Loss 0.388
	Batch 170/469: 	Acc 90.16  Loss 0.388
	Batch 180/469: 	Acc 90.22  Loss 0.386
	Batch 190/469: 	Acc 90.20  Loss 0.387
	Batch 200/469: 	Acc 90.19  Loss 0.386
	Batch 210/469: 	Acc 90.22  Loss 0.385
	Batch 220/469: 	Acc 90.26  Loss 0.385
	Batch 230/469: 	Acc 90.29  Loss 0.383
	Batch 240/469: 	Acc 90.33  Loss 0.382
	Batch 250/469: 	Acc 90.30  Loss 0.382
	Batch 260/469: 	Acc 90.28  Loss 0.382
	Batch 270/469: 	Acc 90.25  Loss 0.382
	Batch 280/469: 	Acc 90.09  Loss 0.386
	Batch 290/469: 	Acc 89.98  Loss 0.389
	Batch 300/469: 	Acc 89.91  Loss 0.391
	Batch 310/469: 	Acc 89.87  Loss 0.392
	Batch 320/469: 	Acc 89.81  Loss 0.393
	Batch 330/469: 	Acc 89.79  Loss 0.393
	Batch 340/469: 	Acc 89.80  Loss 0.393
	Batch 350/469: 	Acc 89.84  Loss 0.391
	Batch 360/469: 	Acc 89.81  Loss 0.392
	Batch 370/469: 	Acc 89.79  Loss 0.392
	Batch 380/469: 	Acc 89.79  Loss 0.392
	Batch 390/469: 	Acc 89.78  Loss 0.392
	Batch 400/469: 	Acc 89.78  Loss 0.392
	Batch 410/469: 	Acc 89.82  Loss 0.390
	Batch 420/469: 	Acc 89.85  Loss 0.390
	Batch 430/469: 	Acc 89.84  Loss 0.390
	Batch 440/469: 	Acc 89.84  Loss 0.389
	Batch 450/469: 	Acc 89.86  Loss 0.388
	Batch 460/469: 	Acc 89.90  Loss 0.387
		Train: 	Acc 89.91  Loss 0.387
	Batch 000/469: 	Acc 93.75  Loss 0.345
	Batch 010/469: 	Acc 90.55  Loss 0.368
	Batch 020/469: 	Acc 90.33  Loss 0.364
	Batch 030/469: 	Acc 90.75  Loss 0.360
	Batch 040/469: 	Acc 90.64  Loss 0.362
	Batch 050/469: 	Acc 90.64  Loss 0.363
	Batch 060/469: 	Acc 90.62  Loss 0.367
	Batch 070/469: 	Acc 90.80  Loss 0.366
	Batch 080/469: 	Acc 90.61  Loss 0.369
	Batch 090/469: 	Acc 90.62  Loss 0.369
	Batch 100/469: 	Acc 90.54  Loss 0.370
	Batch 110/469: 	Acc 90.52  Loss 0.368
	Batch 120/469: 	Acc 90.51  Loss 0.368
	Batch 130/469: 	Acc 90.47  Loss 0.368
	Batch 140/469: 	Acc 90.48  Loss 0.366
	Batch 150/469: 	Acc 90.50  Loss 0.366
	Batch 160/469: 	Acc 90.51  Loss 0.366
	Batch 170/469: 	Acc 90.50  Loss 0.366
	Batch 180/469: 	Acc 90.47  Loss 0.367
	Batch 190/469: 	Acc 90.34  Loss 0.371
	Batch 200/469: 	Acc 90.24  Loss 0.375
	Batch 210/469: 	Acc 90.11  Loss 0.379
	Batch 220/469: 	Acc 89.99  Loss 0.382
	Batch 230/469: 	Acc 89.90  Loss 0.384
	Batch 240/469: 	Acc 89.89  Loss 0.385
	Batch 250/469: 	Acc 89.77  Loss 0.387
	Batch 260/469: 	Acc 89.67  Loss 0.389
	Batch 270/469: 	Acc 89.65  Loss 0.389
	Batch 280/469: 	Acc 89.61  Loss 0.390
	Batch 290/469: 	Acc 89.60  Loss 0.390
	Batch 300/469: 	Acc 89.54  Loss 0.390
	Batch 310/469: 	Acc 89.52  Loss 0.391
	Batch 320/469: 	Acc 89.45  Loss 0.392
	Batch 330/469: 	Acc 89.44  Loss 0.392
	Batch 340/469: 	Acc 89.45  Loss 0.392
	Batch 350/469: 	Acc 89.47  Loss 0.391
	Batch 360/469: 	Acc 89.45  Loss 0.391
	Batch 370/469: 	Acc 89.43  Loss 0.392
	Batch 380/469: 	Acc 89.41  Loss 0.392
	Batch 390/469: 	Acc 89.46  Loss 0.392
	Batch 400/469: 	Acc 89.47  Loss 0.392
	Batch 410/469: 	Acc 89.50  Loss 0.391
	Batch 420/469: 	Acc 89.47  Loss 0.392
	Batch 430/469: 	Acc 89.47  Loss 0.392
	Batch 440/469: 	Acc 89.47  Loss 0.392
	Batch 450/469: 	Acc 89.47  Loss 0.392
	Batch 460/469: 	Acc 89.46  Loss 0.392
		Train: 	Acc 89.46  Loss 0.392
	Batch 000/469: 	Acc 88.28  Loss 0.343
	Batch 010/469: 	Acc 89.77  Loss 0.376
	Batch 020/469: 	Acc 89.73  Loss 0.368
	Batch 030/469: 	Acc 89.89  Loss 0.370
	Batch 040/469: 	Acc 89.56  Loss 0.374
	Batch 050/469: 	Acc 89.86  Loss 0.370
	Batch 060/469: 	Acc 89.79  Loss 0.371
	Batch 070/469: 	Acc 89.80  Loss 0.372
	Batch 080/469: 	Acc 89.82  Loss 0.373
	Batch 090/469: 	Acc 89.76  Loss 0.374
	Batch 100/469: 	Acc 89.16  Loss 0.382
	Batch 110/469: 	Acc 88.82  Loss 0.389
	Batch 120/469: 	Acc 88.58  Loss 0.396
	Batch 130/469: 	Acc 88.47  Loss 0.400
	Batch 140/469: 	Acc 88.43  Loss 0.400
	Batch 150/469: 	Acc 88.42  Loss 0.399
	Batch 160/469: 	Acc 88.46  Loss 0.399
	Batch 170/469: 	Acc 88.42  Loss 0.399
	Batch 180/469: 	Acc 88.48  Loss 0.401
	Batch 190/469: 	Acc 88.53  Loss 0.401
	Batch 200/469: 	Acc 88.57  Loss 0.400
	Batch 210/469: 	Acc 88.63  Loss 0.400
	Batch 220/469: 	Acc 88.68  Loss 0.398
	Batch 230/469: 	Acc 88.74  Loss 0.398
	Batch 240/469: 	Acc 88.85  Loss 0.396
	Batch 250/469: 	Acc 88.85  Loss 0.396
	Batch 260/469: 	Acc 88.89  Loss 0.395
	Batch 270/469: 	Acc 88.96  Loss 0.393
	Batch 280/469: 	Acc 89.01  Loss 0.393
	Batch 290/469: 	Acc 89.07  Loss 0.392
	Batch 300/469: 	Acc 89.10  Loss 0.391
	Batch 310/469: 	Acc 89.18  Loss 0.390
	Batch 320/469: 	Acc 89.17  Loss 0.390
	Batch 330/469: 	Acc 89.19  Loss 0.390
	Batch 340/469: 	Acc 89.24  Loss 0.389
	Batch 350/469: 	Acc 89.24  Loss 0.389
	Batch 360/469: 	Acc 89.27  Loss 0.388
	Batch 370/469: 	Acc 89.27  Loss 0.388
	Batch 380/469: 	Acc 89.16  Loss 0.389
	Batch 390/469: 	Acc 88.99  Loss 0.392
	Batch 400/469: 	Acc 88.91  Loss 0.392
	Batch 410/469: 	Acc 88.85  Loss 0.394
	Batch 420/469: 	Acc 88.81  Loss 0.394
	Batch 430/469: 	Acc 88.78  Loss 0.394
	Batch 440/469: 	Acc 88.75  Loss 0.395
	Batch 450/469: 	Acc 88.71  Loss 0.395
	Batch 460/469: 	Acc 88.70  Loss 0.395
		Train: 	Acc 88.71  Loss 0.395
	Batch 000/469: 	Acc 85.94  Loss 0.441
	Batch 010/469: 	Acc 90.06  Loss 0.366
	Batch 020/469: 	Acc 89.73  Loss 0.371
	Batch 030/469: 	Acc 89.54  Loss 0.373
	Batch 040/469: 	Acc 89.04  Loss 0.385
	Batch 050/469: 	Acc 89.09  Loss 0.384
	Batch 060/469: 	Acc 89.08  Loss 0.382
	Batch 070/469: 	Acc 89.26  Loss 0.379
	Batch 080/469: 	Acc 89.22  Loss 0.380
	Batch 090/469: 	Acc 89.29  Loss 0.381
	Batch 100/469: 	Acc 89.26  Loss 0.381
	Batch 110/469: 	Acc 89.22  Loss 0.381
	Batch 120/469: 	Acc 89.26  Loss 0.380
	Batch 130/469: 	Acc 89.24  Loss 0.379
	Batch 140/469: 	Acc 89.21  Loss 0.379
	Batch 150/469: 	Acc 89.36  Loss 0.378
	Batch 160/469: 	Acc 89.38  Loss 0.378
	Batch 170/469: 	Acc 89.43  Loss 0.376
	Batch 180/469: 	Acc 89.54  Loss 0.375
	Batch 190/469: 	Acc 89.60  Loss 0.374
	Batch 200/469: 	Acc 89.59  Loss 0.374
	Batch 210/469: 	Acc 89.58  Loss 0.374
	Batch 220/469: 	Acc 89.61  Loss 0.374
	Batch 230/469: 	Acc 89.65  Loss 0.374
	Batch 240/469: 	Acc 89.67  Loss 0.374
	Batch 250/469: 	Acc 89.71  Loss 0.372
	Batch 260/469: 	Acc 89.73  Loss 0.371
	Batch 270/469: 	Acc 89.72  Loss 0.372
	Batch 280/469: 	Acc 89.74  Loss 0.373
	Batch 290/469: 	Acc 89.76  Loss 0.373
	Batch 300/469: 	Acc 89.79  Loss 0.372
	Batch 310/469: 	Acc 89.83  Loss 0.371
	Batch 320/469: 	Acc 89.88  Loss 0.371
	Batch 330/469: 	Acc 89.93  Loss 0.371
	Batch 340/469: 	Acc 89.94  Loss 0.371
	Batch 350/469: 	Acc 89.93  Loss 0.371
	Batch 360/469: 	Acc 89.98  Loss 0.370
	Batch 370/469: 	Acc 90.04  Loss 0.369
	Batch 380/469: 	Acc 90.08  Loss 0.369
	Batch 390/469: 	Acc 90.10  Loss 0.368
	Batch 400/469: 	Acc 90.07  Loss 0.368
	Batch 410/469: 	Acc 90.08  Loss 0.368
	Batch 420/469: 	Acc 90.09  Loss 0.367
	Batch 430/469: 	Acc 90.10  Loss 0.367
	Batch 440/469: 	Acc 90.11  Loss 0.367
	Batch 450/469: 	Acc 90.12  Loss 0.366
	Batch 460/469: 	Acc 90.13  Loss 0.366
		Train: 	Acc 90.12  Loss 0.366
	Batch 000/469: 	Acc 85.94  Loss 0.443
	Batch 010/469: 	Acc 90.98  Loss 0.352
	Batch 020/469: 	Acc 91.29  Loss 0.337
	Batch 030/469: 	Acc 90.85  Loss 0.349
	Batch 040/469: 	Acc 90.76  Loss 0.350
	Batch 050/469: 	Acc 89.74  Loss 0.368
	Batch 060/469: 	Acc 89.18  Loss 0.383
	Batch 070/469: 	Acc 88.82  Loss 0.389
	Batch 080/469: 	Acc 88.77  Loss 0.391
	Batch 090/469: 	Acc 88.68  Loss 0.391
	Batch 100/469: 	Acc 88.65  Loss 0.395
	Batch 110/469: 	Acc 88.71  Loss 0.393
	Batch 120/469: 	Acc 88.75  Loss 0.392
	Batch 130/469: 	Acc 88.85  Loss 0.390
	Batch 140/469: 	Acc 88.95  Loss 0.391
	Batch 150/469: 	Acc 88.99  Loss 0.390
	Batch 160/469: 	Acc 89.06  Loss 0.388
	Batch 170/469: 	Acc 89.10  Loss 0.386
	Batch 180/469: 	Acc 89.15  Loss 0.386
	Batch 190/469: 	Acc 89.19  Loss 0.385
	Batch 200/469: 	Acc 89.22  Loss 0.384
	Batch 210/469: 	Acc 89.20  Loss 0.385
	Batch 220/469: 	Acc 89.28  Loss 0.385
	Batch 230/469: 	Acc 89.28  Loss 0.384
	Batch 240/469: 	Acc 89.30  Loss 0.383
	Batch 250/469: 	Acc 89.40  Loss 0.381
	Batch 260/469: 	Acc 89.44  Loss 0.380
	Batch 270/469: 	Acc 89.47  Loss 0.380
	Batch 280/469: 	Acc 89.45  Loss 0.379
	Batch 290/469: 	Acc 89.50  Loss 0.378
	Batch 300/469: 	Acc 89.58  Loss 0.376
	Batch 310/469: 	Acc 89.59  Loss 0.376
	Batch 320/469: 	Acc 89.60  Loss 0.375
	Batch 330/469: 	Acc 89.60  Loss 0.375
	Batch 340/469: 	Acc 89.55  Loss 0.376
	Batch 350/469: 	Acc 89.43  Loss 0.378
	Batch 360/469: 	Acc 89.32  Loss 0.379
	Batch 370/469: 	Acc 89.23  Loss 0.381
	Batch 380/469: 	Acc 89.15  Loss 0.382
	Batch 390/469: 	Acc 89.17  Loss 0.382
	Batch 400/469: 	Acc 89.14  Loss 0.382
	Batch 410/469: 	Acc 89.10  Loss 0.382
	Batch 420/469: 	Acc 89.09  Loss 0.383
	Batch 430/469: 	Acc 89.06  Loss 0.384
	Batch 440/469: 	Acc 89.07  Loss 0.384
	Batch 450/469: 	Acc 89.04  Loss 0.384
	Batch 460/469: 	Acc 89.04  Loss 0.384
		Train: 	Acc 89.02  Loss 0.384
	Batch 000/469: 	Acc 90.62  Loss 0.326
	Batch 010/469: 	Acc 89.42  Loss 0.376
	Batch 020/469: 	Acc 87.87  Loss 0.397
	Batch 030/469: 	Acc 87.47  Loss 0.408
	Batch 040/469: 	Acc 88.07  Loss 0.396
	Batch 050/469: 	Acc 87.90  Loss 0.401
	Batch 060/469: 	Acc 88.01  Loss 0.400
	Batch 070/469: 	Acc 88.26  Loss 0.396
	Batch 080/469: 	Acc 88.20  Loss 0.399
	Batch 090/469: 	Acc 88.20  Loss 0.398
	Batch 100/469: 	Acc 88.34  Loss 0.396
	Batch 110/469: 	Acc 88.42  Loss 0.393
	Batch 120/469: 	Acc 88.49  Loss 0.392
	Batch 130/469: 	Acc 88.66  Loss 0.390
	Batch 140/469: 	Acc 88.68  Loss 0.389
	Batch 150/469: 	Acc 88.68  Loss 0.390
	Batch 160/469: 	Acc 88.66  Loss 0.391
	Batch 170/469: 	Acc 88.53  Loss 0.392
	Batch 180/469: 	Acc 88.51  Loss 0.391
	Batch 190/469: 	Acc 88.57  Loss 0.390
	Batch 200/469: 	Acc 88.58  Loss 0.390
	Batch 210/469: 	Acc 88.65  Loss 0.388
	Batch 220/469: 	Acc 88.67  Loss 0.387
	Batch 230/469: 	Acc 88.77  Loss 0.386
	Batch 240/469: 	Acc 88.84  Loss 0.384
	Batch 250/469: 	Acc 88.89  Loss 0.383
	Batch 260/469: 	Acc 88.86  Loss 0.382
	Batch 270/469: 	Acc 88.93  Loss 0.380
	Batch 280/469: 	Acc 88.99  Loss 0.379
	Batch 290/469: 	Acc 89.04  Loss 0.378
	Batch 300/469: 	Acc 89.09  Loss 0.378
	Batch 310/469: 	Acc 89.13  Loss 0.377
	Batch 320/469: 	Acc 89.19  Loss 0.377
	Batch 330/469: 	Acc 89.15  Loss 0.376
	Batch 340/469: 	Acc 89.08  Loss 0.378
	Batch 350/469: 	Acc 89.04  Loss 0.379
	Batch 360/469: 	Acc 89.01  Loss 0.380
	Batch 370/469: 	Acc 89.00  Loss 0.381
	Batch 380/469: 	Acc 88.97  Loss 0.382
	Batch 390/469: 	Acc 89.00  Loss 0.381
	Batch 400/469: 	Acc 88.99  Loss 0.381
	Batch 410/469: 	Acc 88.99  Loss 0.382
	Batch 420/469: 	Acc 88.97  Loss 0.382
	Batch 430/469: 	Acc 89.01  Loss 0.382
	Batch 440/469: 	Acc 89.02  Loss 0.382
	Batch 450/469: 	Acc 89.04  Loss 0.382
	Batch 460/469: 	Acc 89.04  Loss 0.382
		Train: 	Acc 89.09  Loss 0.381
	Batch 000/469: 	Acc 89.84  Loss 0.347
	Batch 010/469: 	Acc 88.64  Loss 0.365
	Batch 020/469: 	Acc 89.47  Loss 0.354
	Batch 030/469: 	Acc 89.39  Loss 0.361
	Batch 040/469: 	Acc 89.82  Loss 0.364
	Batch 050/469: 	Acc 90.03  Loss 0.358
	Batch 060/469: 	Acc 90.02  Loss 0.361
	Batch 070/469: 	Acc 90.16  Loss 0.363
	Batch 080/469: 	Acc 90.33  Loss 0.361
	Batch 090/469: 	Acc 90.26  Loss 0.364
	Batch 100/469: 	Acc 89.53  Loss 0.384
	Batch 110/469: 	Acc 89.27  Loss 0.389
	Batch 120/469: 	Acc 89.08  Loss 0.393
	Batch 130/469: 	Acc 88.94  Loss 0.397
	Batch 140/469: 	Acc 88.92  Loss 0.397
	Batch 150/469: 	Acc 88.92  Loss 0.398
	Batch 160/469: 	Acc 88.98  Loss 0.397
	Batch 170/469: 	Acc 88.89  Loss 0.398
slurmstepd: error: *** STEP 12260230.0 ON gcn3 CANCELLED AT 2025-06-10T00:36:53 DUE TO TIME LIMIT ***
slurmstepd: error: *** JOB 12260230 ON gcn3 CANCELLED AT 2025-06-10T00:36:53 DUE TO TIME LIMIT ***
srun: Job step aborted: Waiting up to 32 seconds for job step to finish.

JOB STATISTICS
==============
Job ID: 12260230
Cluster: snellius
User/Group: fgruneberg/fgruneberg
State: TIMEOUT (exit code 0)
Nodes: 1
Cores per node: 9
CPU Utilized: 07:53:54
CPU Efficiency: 10.97% of 3-00:01:30 core-walltime
Job Wall-clock time: 08:00:10
Memory Utilized: 1.01 GB
Memory Efficiency: 1.68% of 60.00 GB (60.00 GB/node)
